This file contains any messages produced by compilers while
running configure, to aid debugging if configure makes a mistake.

It was created by libunwind configure 1.6.2, which was
generated by GNU Autoconf 2.69.  Invocation command line was

  $ ./configure 

## --------- ##
## Platform. ##
## --------- ##

hostname = 699f290bff0e
uname -m = x86_64
uname -r = 5.15.0-124-generic
uname -s = Linux
uname -v = #134-Ubuntu SMP Fri Sep 27 20:20:17 UTC 2024

/usr/bin/uname -p = x86_64
/bin/uname -X     = unknown

/bin/arch              = x86_64
/usr/bin/arch -k       = unknown
/usr/convex/getsysinfo = unknown
/usr/bin/hostinfo      = unknown
/bin/machine           = unknown
/usr/bin/oslevel       = unknown
/bin/universe          = unknown

PATH: /root/.vscode-server/bin/384ff7382de624fb94dbaf6da11977bba1ecd427/bin/remote-cli
PATH: /usr/local/nvm/versions/node/v16.20.2/bin
PATH: /usr/local/lib/python3.10/dist-packages/torch_tensorrt/bin
PATH: /usr/local/mpi/bin
PATH: /usr/local/nvidia/bin
PATH: /usr/local/cuda/bin
PATH: /usr/local/sbin
PATH: /usr/local/bin
PATH: /usr/sbin
PATH: /usr/bin
PATH: /sbin
PATH: /bin
PATH: /usr/local/ucx/bin
PATH: /opt/tensorrt/bin


## ----------- ##
## Core tests. ##
## ----------- ##

configure:2882: checking build system type
configure:2896: result: x86_64-pc-linux-gnu
configure:2916: checking host system type
configure:2929: result: x86_64-pc-linux-gnu
configure:2949: checking target system type
configure:2962: result: x86_64-pc-linux-gnu
configure:3004: checking for a BSD-compatible install
configure:3072: result: /usr/bin/install -c
configure:3083: checking whether build environment is sane
configure:3138: result: yes
configure:3284: checking for a thread-safe mkdir -p
configure:3323: result: /usr/bin/mkdir -p
configure:3330: checking for gawk
configure:3360: result: no
configure:3330: checking for mawk
configure:3346: found /usr/bin/mawk
configure:3357: result: mawk
configure:3368: checking whether make sets $(MAKE)
configure:3390: result: yes
configure:3419: checking whether make supports nested variables
configure:3436: result: yes
configure:3577: checking whether to enable maintainer-specific portions of Makefiles
configure:3586: result: no
configure:3650: checking for gcc
configure:3666: found /usr/bin/gcc
configure:3677: result: gcc
configure:3906: checking for C compiler version
configure:3915: gcc --version >&5
gcc (Ubuntu 11.4.0-1ubuntu1~22.04) 11.4.0
Copyright (C) 2021 Free Software Foundation, Inc.
This is free software; see the source for copying conditions.  There is NO
warranty; not even for MERCHANTABILITY or FITNESS FOR A PARTICULAR PURPOSE.

configure:3926: $? = 0
configure:3915: gcc -v >&5
Using built-in specs.
COLLECT_GCC=gcc
COLLECT_LTO_WRAPPER=/usr/lib/gcc/x86_64-linux-gnu/11/lto-wrapper
OFFLOAD_TARGET_NAMES=nvptx-none:amdgcn-amdhsa
OFFLOAD_TARGET_DEFAULT=1
Target: x86_64-linux-gnu
Configured with: ../src/configure -v --with-pkgversion='Ubuntu 11.4.0-1ubuntu1~22.04' --with-bugurl=file:///usr/share/doc/gcc-11/README.Bugs --enable-languages=c,ada,c++,go,brig,d,fortran,objc,obj-c++,m2 --prefix=/usr --with-gcc-major-version-only --program-suffix=-11 --program-prefix=x86_64-linux-gnu- --enable-shared --enable-linker-build-id --libexecdir=/usr/lib --without-included-gettext --enable-threads=posix --libdir=/usr/lib --enable-nls --enable-bootstrap --enable-clocale=gnu --enable-libstdcxx-debug --enable-libstdcxx-time=yes --with-default-libstdcxx-abi=new --enable-gnu-unique-object --disable-vtable-verify --enable-plugin --enable-default-pie --with-system-zlib --enable-libphobos-checking=release --with-target-system-zlib=auto --enable-objc-gc=auto --enable-multiarch --disable-werror --enable-cet --with-arch-32=i686 --with-abi=m64 --with-multilib-list=m32,m64,mx32 --enable-multilib --with-tune=generic --enable-offload-targets=nvptx-none=/build/gcc-11-XeT9lY/gcc-11-11.4.0/debian/tmp-nvptx/usr,amdgcn-amdhsa=/build/gcc-11-XeT9lY/gcc-11-11.4.0/debian/tmp-gcn/usr --without-cuda-driver --enable-checking=release --build=x86_64-linux-gnu --host=x86_64-linux-gnu --target=x86_64-linux-gnu --with-build-config=bootstrap-lto-lean --enable-link-serialization=2
Thread model: posix
Supported LTO compression algorithms: zlib zstd
gcc version 11.4.0 (Ubuntu 11.4.0-1ubuntu1~22.04) 
... rest of stderr output deleted ...
configure:3926: $? = 0
configure:3915: gcc -V >&5
gcc: error: unrecognized command-line option '-V'
gcc: fatal error: no input files
compilation terminated.
configure:3926: $? = 1
configure:3915: gcc -qversion >&5
gcc: error: unrecognized command-line option '-qversion'; did you mean '--version'?
gcc: fatal error: no input files
compilation terminated.
configure:3926: $? = 1
configure:3946: checking whether the C compiler works
configure:3968: gcc    conftest.c  >&5
configure:3972: $? = 0
configure:4020: result: yes
configure:4023: checking for C compiler default output file name
configure:4025: result: a.out
configure:4031: checking for suffix of executables
configure:4038: gcc -o conftest    conftest.c  >&5
configure:4042: $? = 0
configure:4064: result: 
configure:4086: checking whether we are cross compiling
configure:4094: gcc -o conftest    conftest.c  >&5
configure:4098: $? = 0
configure:4105: ./conftest
configure:4109: $? = 0
configure:4124: result: no
configure:4129: checking for suffix of object files
configure:4151: gcc -c   conftest.c >&5
configure:4155: $? = 0
configure:4176: result: o
configure:4180: checking whether we are using the GNU C compiler
configure:4199: gcc -c   conftest.c >&5
configure:4199: $? = 0
configure:4208: result: yes
configure:4217: checking whether gcc accepts -g
configure:4237: gcc -c -g  conftest.c >&5
configure:4237: $? = 0
configure:4278: result: yes
configure:4295: checking for gcc option to accept ISO C89
configure:4358: gcc  -c -g -O2  conftest.c >&5
configure:4358: $? = 0
configure:4371: result: none needed
configure:4396: checking whether gcc understands -c and -o together
configure:4418: gcc -c conftest.c -o conftest2.o
configure:4421: $? = 0
configure:4418: gcc -c conftest.c -o conftest2.o
configure:4421: $? = 0
configure:4433: result: yes
configure:4453: checking whether make supports the include directive
configure:4468: make -f confmf.GNU && cat confinc.out
this is the am__doit target
configure:4471: $? = 0
configure:4490: result: yes (GNU style)
configure:4515: checking dependency style of gcc
configure:4626: result: gcc3
configure:4699: checking for g++
configure:4715: found /usr/bin/g++
configure:4726: result: g++
configure:4753: checking for C++ compiler version
configure:4762: g++ --version >&5
g++ (Ubuntu 11.4.0-1ubuntu1~22.04) 11.4.0
Copyright (C) 2021 Free Software Foundation, Inc.
This is free software; see the source for copying conditions.  There is NO
warranty; not even for MERCHANTABILITY or FITNESS FOR A PARTICULAR PURPOSE.

configure:4773: $? = 0
configure:4762: g++ -v >&5
Using built-in specs.
COLLECT_GCC=g++
COLLECT_LTO_WRAPPER=/usr/lib/gcc/x86_64-linux-gnu/11/lto-wrapper
OFFLOAD_TARGET_NAMES=nvptx-none:amdgcn-amdhsa
OFFLOAD_TARGET_DEFAULT=1
Target: x86_64-linux-gnu
Configured with: ../src/configure -v --with-pkgversion='Ubuntu 11.4.0-1ubuntu1~22.04' --with-bugurl=file:///usr/share/doc/gcc-11/README.Bugs --enable-languages=c,ada,c++,go,brig,d,fortran,objc,obj-c++,m2 --prefix=/usr --with-gcc-major-version-only --program-suffix=-11 --program-prefix=x86_64-linux-gnu- --enable-shared --enable-linker-build-id --libexecdir=/usr/lib --without-included-gettext --enable-threads=posix --libdir=/usr/lib --enable-nls --enable-bootstrap --enable-clocale=gnu --enable-libstdcxx-debug --enable-libstdcxx-time=yes --with-default-libstdcxx-abi=new --enable-gnu-unique-object --disable-vtable-verify --enable-plugin --enable-default-pie --with-system-zlib --enable-libphobos-checking=release --with-target-system-zlib=auto --enable-objc-gc=auto --enable-multiarch --disable-werror --enable-cet --with-arch-32=i686 --with-abi=m64 --with-multilib-list=m32,m64,mx32 --enable-multilib --with-tune=generic --enable-offload-targets=nvptx-none=/build/gcc-11-XeT9lY/gcc-11-11.4.0/debian/tmp-nvptx/usr,amdgcn-amdhsa=/build/gcc-11-XeT9lY/gcc-11-11.4.0/debian/tmp-gcn/usr --without-cuda-driver --enable-checking=release --build=x86_64-linux-gnu --host=x86_64-linux-gnu --target=x86_64-linux-gnu --with-build-config=bootstrap-lto-lean --enable-link-serialization=2
Thread model: posix
Supported LTO compression algorithms: zlib zstd
gcc version 11.4.0 (Ubuntu 11.4.0-1ubuntu1~22.04) 
... rest of stderr output deleted ...
configure:4773: $? = 0
configure:4762: g++ -V >&5
g++: error: unrecognized command-line option '-V'
g++: fatal error: no input files
compilation terminated.
configure:4773: $? = 1
configure:4762: g++ -qversion >&5
g++: error: unrecognized command-line option '-qversion'; did you mean '--version'?
g++: fatal error: no input files
compilation terminated.
configure:4773: $? = 1
configure:4777: checking whether we are using the GNU C++ compiler
configure:4796: g++ -c   conftest.cpp >&5
configure:4796: $? = 0
configure:4805: result: yes
configure:4814: checking whether g++ accepts -g
configure:4834: g++ -c -g  conftest.cpp >&5
configure:4834: $? = 0
configure:4875: result: yes
configure:4900: checking dependency style of g++
configure:5011: result: gcc3
configure:5027: checking whether make sets $(MAKE)
configure:5049: result: yes
configure:5108: checking for ar
configure:5124: found /usr/bin/ar
configure:5135: result: ar
configure:5161: checking the archiver (ar) interface
configure:5177: gcc -c -g -O2  conftest.c >&5
configure:5177: $? = 0
configure:5179: ar cru libconftest.a conftest.o >&5
ar: `u' modifier ignored since `D' is the default (see `U')
configure:5182: $? = 0
configure:5210: result: ar
configure:5276: checking how to print strings
configure:5303: result: printf
configure:5324: checking for a sed that does not truncate output
configure:5388: result: /usr/bin/sed
configure:5406: checking for grep that handles long lines and -e
configure:5464: result: /usr/bin/grep
configure:5469: checking for egrep
configure:5531: result: /usr/bin/grep -E
configure:5536: checking for fgrep
configure:5598: result: /usr/bin/grep -F
configure:5633: checking for ld used by gcc
configure:5700: result: /usr/bin/ld
configure:5707: checking if the linker (/usr/bin/ld) is GNU ld
configure:5722: result: yes
configure:5734: checking for BSD- or MS-compatible name lister (nm)
configure:5788: result: /usr/bin/nm -B
configure:5918: checking the name lister (/usr/bin/nm -B) interface
configure:5925: gcc -c -g -O2  conftest.c >&5
configure:5928: /usr/bin/nm -B "conftest.o"
configure:5931: output
0000000000000000 B some_variable
configure:5938: result: BSD nm
configure:5941: checking whether ln -s works
configure:5945: result: yes
configure:5953: checking the maximum length of command line arguments
configure:6084: result: 1572864
configure:6132: checking how to convert x86_64-pc-linux-gnu file names to x86_64-pc-linux-gnu format
configure:6172: result: func_convert_file_noop
configure:6179: checking how to convert x86_64-pc-linux-gnu file names to toolchain format
configure:6199: result: func_convert_file_noop
configure:6206: checking for /usr/bin/ld option to reload object files
configure:6213: result: -r
configure:6287: checking for objdump
configure:6303: found /usr/bin/objdump
configure:6314: result: objdump
configure:6346: checking how to recognize dependent libraries
configure:6546: result: pass_all
configure:6631: checking for dlltool
configure:6661: result: no
configure:6691: checking how to associate runtime and link libraries
configure:6718: result: printf %s\n
configure:6842: checking for archiver @FILE support
configure:6859: gcc -c -g -O2  conftest.c >&5
configure:6859: $? = 0
configure:6862: ar cr libconftest.a @conftest.lst >&5
configure:6865: $? = 0
configure:6870: ar cr libconftest.a @conftest.lst >&5
ar: conftest.o: No such file or directory
configure:6873: $? = 1
configure:6885: result: @
configure:6943: checking for strip
configure:6959: found /usr/bin/strip
configure:6970: result: strip
configure:7042: checking for ranlib
configure:7058: found /usr/bin/ranlib
configure:7069: result: ranlib
configure:7171: checking command to parse /usr/bin/nm -B output from gcc object
configure:7324: gcc -c -g -O2  conftest.c >&5
configure:7327: $? = 0
configure:7331: /usr/bin/nm -B conftest.o | sed -n -e 's/^.*[	 ]\([ABCDGIRSTW][ABCDGIRSTW]*\)[	 ][	 ]*\([_A-Za-z][_A-Za-z0-9]*\)$/\1 \2 \2/p' | sed '/ __gnu_lto/d' > conftest.nm
configure:7397: gcc -o conftest -g -O2   conftest.c conftstm.o >&5
configure:7400: $? = 0
configure:7438: result: ok
configure:7485: checking for sysroot
configure:7515: result: no
configure:7522: checking for a working dd
configure:7560: result: /usr/bin/dd
configure:7564: checking how to truncate binary pipes
configure:7579: result: /usr/bin/dd bs=4096 count=1
configure:7715: gcc -c -g -O2  conftest.c >&5
configure:7718: $? = 0
configure:7908: checking for mt
configure:7938: result: no
configure:7958: checking if : is a manifest tool
configure:7964: : '-?'
configure:7972: result: no
configure:8649: checking how to run the C preprocessor
configure:8680: gcc -E  conftest.c
configure:8680: $? = 0
configure:8694: gcc -E  conftest.c
conftest.c:11:10: fatal error: ac_nonexistent.h: No such file or directory
   11 | #include <ac_nonexistent.h>
      |          ^~~~~~~~~~~~~~~~~~
compilation terminated.
configure:8694: $? = 1
configure: failed program was:
| /* confdefs.h */
| #define PACKAGE_NAME "libunwind"
| #define PACKAGE_TARNAME "libunwind"
| #define PACKAGE_VERSION "1.6.2"
| #define PACKAGE_STRING "libunwind 1.6.2"
| #define PACKAGE_BUGREPORT "libunwind-devel@nongnu.org"
| #define PACKAGE_URL ""
| #define PACKAGE "libunwind"
| #define VERSION "1.6.2"
| /* end confdefs.h.  */
| #include <ac_nonexistent.h>
configure:8719: result: gcc -E
configure:8739: gcc -E  conftest.c
configure:8739: $? = 0
configure:8753: gcc -E  conftest.c
conftest.c:11:10: fatal error: ac_nonexistent.h: No such file or directory
   11 | #include <ac_nonexistent.h>
      |          ^~~~~~~~~~~~~~~~~~
compilation terminated.
configure:8753: $? = 1
configure: failed program was:
| /* confdefs.h */
| #define PACKAGE_NAME "libunwind"
| #define PACKAGE_TARNAME "libunwind"
| #define PACKAGE_VERSION "1.6.2"
| #define PACKAGE_STRING "libunwind 1.6.2"
| #define PACKAGE_BUGREPORT "libunwind-devel@nongnu.org"
| #define PACKAGE_URL ""
| #define PACKAGE "libunwind"
| #define VERSION "1.6.2"
| /* end confdefs.h.  */
| #include <ac_nonexistent.h>
configure:8782: checking for ANSI C header files
configure:8802: gcc -c -g -O2  conftest.c >&5
configure:8802: $? = 0
configure:8875: gcc -o conftest -g -O2   conftest.c  >&5
configure:8875: $? = 0
configure:8875: ./conftest
configure:8875: $? = 0
configure:8886: result: yes
configure:8899: checking for sys/types.h
configure:8899: gcc -c -g -O2  conftest.c >&5
configure:8899: $? = 0
configure:8899: result: yes
configure:8899: checking for sys/stat.h
configure:8899: gcc -c -g -O2  conftest.c >&5
configure:8899: $? = 0
configure:8899: result: yes
configure:8899: checking for stdlib.h
configure:8899: gcc -c -g -O2  conftest.c >&5
configure:8899: $? = 0
configure:8899: result: yes
configure:8899: checking for string.h
configure:8899: gcc -c -g -O2  conftest.c >&5
configure:8899: $? = 0
configure:8899: result: yes
configure:8899: checking for memory.h
configure:8899: gcc -c -g -O2  conftest.c >&5
configure:8899: $? = 0
configure:8899: result: yes
configure:8899: checking for strings.h
configure:8899: gcc -c -g -O2  conftest.c >&5
configure:8899: $? = 0
configure:8899: result: yes
configure:8899: checking for inttypes.h
configure:8899: gcc -c -g -O2  conftest.c >&5
configure:8899: $? = 0
configure:8899: result: yes
configure:8899: checking for stdint.h
configure:8899: gcc -c -g -O2  conftest.c >&5
configure:8899: $? = 0
configure:8899: result: yes
configure:8899: checking for unistd.h
configure:8899: gcc -c -g -O2  conftest.c >&5
configure:8899: $? = 0
configure:8899: result: yes
configure:8913: checking for dlfcn.h
configure:8913: gcc -c -g -O2  conftest.c >&5
configure:8913: $? = 0
configure:8913: result: yes
configure:9180: checking for objdir
configure:9195: result: .libs
configure:9455: checking if gcc supports -fno-rtti -fno-exceptions
configure:9473: gcc -c -g -O2  -fno-rtti -fno-exceptions conftest.c >&5
cc1: warning: command-line option '-fno-rtti' is valid for C++/D/ObjC++ but not for C
configure:9477: $? = 0
configure:9490: result: no
configure:9854: checking for gcc option to produce PIC
configure:9861: result: -fPIC -DPIC
configure:9869: checking if gcc PIC flag -fPIC -DPIC works
configure:9887: gcc -c -g -O2  -fPIC -DPIC -DPIC conftest.c >&5
configure:9891: $? = 0
configure:9904: result: yes
configure:9933: checking if gcc static flag -static works
configure:9961: result: yes
configure:9976: checking if gcc supports -c -o file.o
configure:9997: gcc -c -g -O2  -o out/conftest2.o conftest.c >&5
configure:10001: $? = 0
configure:10023: result: yes
configure:10031: checking if gcc supports -c -o file.o
configure:10078: result: yes
configure:10111: checking whether the gcc linker (/usr/bin/ld -m elf_x86_64) supports shared libraries
configure:11374: result: yes
configure:11411: checking whether -lc should be explicitly linked in
configure:11419: gcc -c -g -O2  conftest.c >&5
configure:11422: $? = 0
configure:11437: gcc -shared  -fPIC -DPIC conftest.o  -v -Wl,-soname -Wl,conftest -o conftest 2\>\&1 \| /usr/bin/grep  -lc  \>/dev/null 2\>\&1
configure:11440: $? = 0
configure:11454: result: no
configure:11614: checking dynamic linker characteristics
configure:12195: gcc -o conftest -g -O2   -Wl,-rpath -Wl,/foo conftest.c  >&5
configure:12195: $? = 0
configure:12444: result: GNU/Linux ld.so
configure:12566: checking how to hardcode library paths into programs
configure:12591: result: immediate
configure:13139: checking whether stripping libraries is possible
configure:13144: result: yes
configure:13179: checking if libtool supports shared libraries
configure:13181: result: yes
configure:13184: checking whether to build shared libraries
configure:13209: result: yes
configure:13212: checking whether to build static libraries
configure:13216: result: yes
configure:13239: checking how to run the C++ preprocessor
configure:13266: g++ -E  conftest.cpp
configure:13266: $? = 0
configure:13280: g++ -E  conftest.cpp
conftest.cpp:23:10: fatal error: ac_nonexistent.h: No such file or directory
   23 | #include <ac_nonexistent.h>
      |          ^~~~~~~~~~~~~~~~~~
compilation terminated.
configure:13280: $? = 1
configure: failed program was:
| /* confdefs.h */
| #define PACKAGE_NAME "libunwind"
| #define PACKAGE_TARNAME "libunwind"
| #define PACKAGE_VERSION "1.6.2"
| #define PACKAGE_STRING "libunwind 1.6.2"
| #define PACKAGE_BUGREPORT "libunwind-devel@nongnu.org"
| #define PACKAGE_URL ""
| #define PACKAGE "libunwind"
| #define VERSION "1.6.2"
| #define STDC_HEADERS 1
| #define HAVE_SYS_TYPES_H 1
| #define HAVE_SYS_STAT_H 1
| #define HAVE_STDLIB_H 1
| #define HAVE_STRING_H 1
| #define HAVE_MEMORY_H 1
| #define HAVE_STRINGS_H 1
| #define HAVE_INTTYPES_H 1
| #define HAVE_STDINT_H 1
| #define HAVE_UNISTD_H 1
| #define HAVE_DLFCN_H 1
| #define LT_OBJDIR ".libs/"
| /* end confdefs.h.  */
| #include <ac_nonexistent.h>
configure:13305: result: g++ -E
configure:13325: g++ -E  conftest.cpp
configure:13325: $? = 0
configure:13339: g++ -E  conftest.cpp
conftest.cpp:23:10: fatal error: ac_nonexistent.h: No such file or directory
   23 | #include <ac_nonexistent.h>
      |          ^~~~~~~~~~~~~~~~~~
compilation terminated.
configure:13339: $? = 1
configure: failed program was:
| /* confdefs.h */
| #define PACKAGE_NAME "libunwind"
| #define PACKAGE_TARNAME "libunwind"
| #define PACKAGE_VERSION "1.6.2"
| #define PACKAGE_STRING "libunwind 1.6.2"
| #define PACKAGE_BUGREPORT "libunwind-devel@nongnu.org"
| #define PACKAGE_URL ""
| #define PACKAGE "libunwind"
| #define VERSION "1.6.2"
| #define STDC_HEADERS 1
| #define HAVE_SYS_TYPES_H 1
| #define HAVE_SYS_STAT_H 1
| #define HAVE_STDLIB_H 1
| #define HAVE_STRING_H 1
| #define HAVE_MEMORY_H 1
| #define HAVE_STRINGS_H 1
| #define HAVE_INTTYPES_H 1
| #define HAVE_STDINT_H 1
| #define HAVE_UNISTD_H 1
| #define HAVE_DLFCN_H 1
| #define LT_OBJDIR ".libs/"
| /* end confdefs.h.  */
| #include <ac_nonexistent.h>
configure:13501: checking for ld used by g++
configure:13568: result: /usr/bin/ld -m elf_x86_64
configure:13575: checking if the linker (/usr/bin/ld -m elf_x86_64) is GNU ld
configure:13590: result: yes
configure:13645: checking whether the g++ linker (/usr/bin/ld -m elf_x86_64) supports shared libraries
configure:14718: result: yes
configure:14754: g++ -c -g -O2  conftest.cpp >&5
configure:14757: $? = 0
configure:15238: checking for g++ option to produce PIC
configure:15245: result: -fPIC -DPIC
configure:15253: checking if g++ PIC flag -fPIC -DPIC works
configure:15271: g++ -c -g -O2  -fPIC -DPIC -DPIC conftest.cpp >&5
configure:15275: $? = 0
configure:15288: result: yes
configure:15311: checking if g++ static flag -static works
configure:15339: result: yes
configure:15351: checking if g++ supports -c -o file.o
configure:15372: g++ -c -g -O2  -o out/conftest2.o conftest.cpp >&5
configure:15376: $? = 0
configure:15398: result: yes
configure:15403: checking if g++ supports -c -o file.o
configure:15450: result: yes
configure:15480: checking whether the g++ linker (/usr/bin/ld -m elf_x86_64) supports shared libraries
configure:15523: result: yes
configure:15664: checking dynamic linker characteristics
configure:16421: result: GNU/Linux ld.so
configure:16486: checking how to hardcode library paths into programs
configure:16511: result: immediate
configure:16581: checking dependency style of gcc
configure:16690: result: gcc3
configure:16707: checking for __uc_get_grs in -luca
configure:16732: gcc -o conftest -g -O2   conftest.c -luca   >&5
/usr/bin/ld: cannot find -luca: No such file or directory
collect2: error: ld returned 1 exit status
configure:16732: $? = 1
configure: failed program was:
| /* confdefs.h */
| #define PACKAGE_NAME "libunwind"
| #define PACKAGE_TARNAME "libunwind"
| #define PACKAGE_VERSION "1.6.2"
| #define PACKAGE_STRING "libunwind 1.6.2"
| #define PACKAGE_BUGREPORT "libunwind-devel@nongnu.org"
| #define PACKAGE_URL ""
| #define PACKAGE "libunwind"
| #define VERSION "1.6.2"
| #define STDC_HEADERS 1
| #define HAVE_SYS_TYPES_H 1
| #define HAVE_SYS_STAT_H 1
| #define HAVE_STDLIB_H 1
| #define HAVE_STRING_H 1
| #define HAVE_MEMORY_H 1
| #define HAVE_STRINGS_H 1
| #define HAVE_INTTYPES_H 1
| #define HAVE_STDINT_H 1
| #define HAVE_UNISTD_H 1
| #define HAVE_DLFCN_H 1
| #define LT_OBJDIR ".libs/"
| /* end confdefs.h.  */
| 
| /* Override any GCC internal prototype to avoid an error.
|    Use char because int might match the return type of a GCC
|    builtin and then its argument prototype would still apply.  */
| #ifdef __cplusplus
| extern "C"
| #endif
| char __uc_get_grs ();
| int
| main ()
| {
| return __uc_get_grs ();
|   ;
|   return 0;
| }
configure:16741: result: no
configure:16753: checking for library containing dlopen
configure:16784: gcc -o conftest -g -O2   conftest.c  >&5
configure:16784: $? = 0
configure:16801: result: none required
configure:16815: checking for ANSI C header files
configure:16919: result: yes
configure:16933: checking asm/ptrace_offsets.h usability
configure:16933: gcc -c -g -O2  conftest.c >&5
conftest.c:57:10: fatal error: asm/ptrace_offsets.h: No such file or directory
   57 | #include <asm/ptrace_offsets.h>
      |          ^~~~~~~~~~~~~~~~~~~~~~
compilation terminated.
configure:16933: $? = 1
configure: failed program was:
| /* confdefs.h */
| #define PACKAGE_NAME "libunwind"
| #define PACKAGE_TARNAME "libunwind"
| #define PACKAGE_VERSION "1.6.2"
| #define PACKAGE_STRING "libunwind 1.6.2"
| #define PACKAGE_BUGREPORT "libunwind-devel@nongnu.org"
| #define PACKAGE_URL ""
| #define PACKAGE "libunwind"
| #define VERSION "1.6.2"
| #define STDC_HEADERS 1
| #define HAVE_SYS_TYPES_H 1
| #define HAVE_SYS_STAT_H 1
| #define HAVE_STDLIB_H 1
| #define HAVE_STRING_H 1
| #define HAVE_MEMORY_H 1
| #define HAVE_STRINGS_H 1
| #define HAVE_INTTYPES_H 1
| #define HAVE_STDINT_H 1
| #define HAVE_UNISTD_H 1
| #define HAVE_DLFCN_H 1
| #define LT_OBJDIR ".libs/"
| #define STDC_HEADERS 1
| /* end confdefs.h.  */
| #include <stdio.h>
| #ifdef HAVE_SYS_TYPES_H
| # include <sys/types.h>
| #endif
| #ifdef HAVE_SYS_STAT_H
| # include <sys/stat.h>
| #endif
| #ifdef STDC_HEADERS
| # include <stdlib.h>
| # include <stddef.h>
| #else
| # ifdef HAVE_STDLIB_H
| #  include <stdlib.h>
| # endif
| #endif
| #ifdef HAVE_STRING_H
| # if !defined STDC_HEADERS && defined HAVE_MEMORY_H
| #  include <memory.h>
| # endif
| # include <string.h>
| #endif
| #ifdef HAVE_STRINGS_H
| # include <strings.h>
| #endif
| #ifdef HAVE_INTTYPES_H
| # include <inttypes.h>
| #endif
| #ifdef HAVE_STDINT_H
| # include <stdint.h>
| #endif
| #ifdef HAVE_UNISTD_H
| # include <unistd.h>
| #endif
| #include <asm/ptrace_offsets.h>
configure:16933: result: no
configure:16933: checking asm/ptrace_offsets.h presence
configure:16933: gcc -E  conftest.c
conftest.c:24:10: fatal error: asm/ptrace_offsets.h: No such file or directory
   24 | #include <asm/ptrace_offsets.h>
      |          ^~~~~~~~~~~~~~~~~~~~~~
compilation terminated.
configure:16933: $? = 1
configure: failed program was:
| /* confdefs.h */
| #define PACKAGE_NAME "libunwind"
| #define PACKAGE_TARNAME "libunwind"
| #define PACKAGE_VERSION "1.6.2"
| #define PACKAGE_STRING "libunwind 1.6.2"
| #define PACKAGE_BUGREPORT "libunwind-devel@nongnu.org"
| #define PACKAGE_URL ""
| #define PACKAGE "libunwind"
| #define VERSION "1.6.2"
| #define STDC_HEADERS 1
| #define HAVE_SYS_TYPES_H 1
| #define HAVE_SYS_STAT_H 1
| #define HAVE_STDLIB_H 1
| #define HAVE_STRING_H 1
| #define HAVE_MEMORY_H 1
| #define HAVE_STRINGS_H 1
| #define HAVE_INTTYPES_H 1
| #define HAVE_STDINT_H 1
| #define HAVE_UNISTD_H 1
| #define HAVE_DLFCN_H 1
| #define LT_OBJDIR ".libs/"
| #define STDC_HEADERS 1
| /* end confdefs.h.  */
| #include <asm/ptrace_offsets.h>
configure:16933: result: no
configure:16933: checking for asm/ptrace_offsets.h
configure:16933: result: no
configure:16933: checking asm/ptrace.h usability
configure:16933: gcc -c -g -O2  conftest.c >&5
configure:16933: $? = 0
configure:16933: result: yes
configure:16933: checking asm/ptrace.h presence
configure:16933: gcc -E  conftest.c
configure:16933: $? = 0
configure:16933: result: yes
configure:16933: checking for asm/ptrace.h
configure:16933: result: yes
configure:16933: checking endian.h usability
configure:16933: gcc -c -g -O2  conftest.c >&5
configure:16933: $? = 0
configure:16933: result: yes
configure:16933: checking endian.h presence
configure:16933: gcc -E  conftest.c
configure:16933: $? = 0
configure:16933: result: yes
configure:16933: checking for endian.h
configure:16933: result: yes
configure:16933: checking sys/endian.h usability
configure:16933: gcc -c -g -O2  conftest.c >&5
conftest.c:59:10: fatal error: sys/endian.h: No such file or directory
   59 | #include <sys/endian.h>
      |          ^~~~~~~~~~~~~~
compilation terminated.
configure:16933: $? = 1
configure: failed program was:
| /* confdefs.h */
| #define PACKAGE_NAME "libunwind"
| #define PACKAGE_TARNAME "libunwind"
| #define PACKAGE_VERSION "1.6.2"
| #define PACKAGE_STRING "libunwind 1.6.2"
| #define PACKAGE_BUGREPORT "libunwind-devel@nongnu.org"
| #define PACKAGE_URL ""
| #define PACKAGE "libunwind"
| #define VERSION "1.6.2"
| #define STDC_HEADERS 1
| #define HAVE_SYS_TYPES_H 1
| #define HAVE_SYS_STAT_H 1
| #define HAVE_STDLIB_H 1
| #define HAVE_STRING_H 1
| #define HAVE_MEMORY_H 1
| #define HAVE_STRINGS_H 1
| #define HAVE_INTTYPES_H 1
| #define HAVE_STDINT_H 1
| #define HAVE_UNISTD_H 1
| #define HAVE_DLFCN_H 1
| #define LT_OBJDIR ".libs/"
| #define STDC_HEADERS 1
| #define HAVE_ASM_PTRACE_H 1
| #define HAVE_ENDIAN_H 1
| /* end confdefs.h.  */
| #include <stdio.h>
| #ifdef HAVE_SYS_TYPES_H
| # include <sys/types.h>
| #endif
| #ifdef HAVE_SYS_STAT_H
| # include <sys/stat.h>
| #endif
| #ifdef STDC_HEADERS
| # include <stdlib.h>
| # include <stddef.h>
| #else
| # ifdef HAVE_STDLIB_H
| #  include <stdlib.h>
| # endif
| #endif
| #ifdef HAVE_STRING_H
| # if !defined STDC_HEADERS && defined HAVE_MEMORY_H
| #  include <memory.h>
| # endif
| # include <string.h>
| #endif
| #ifdef HAVE_STRINGS_H
| # include <strings.h>
| #endif
| #ifdef HAVE_INTTYPES_H
| # include <inttypes.h>
| #endif
| #ifdef HAVE_STDINT_H
| # include <stdint.h>
| #endif
| #ifdef HAVE_UNISTD_H
| # include <unistd.h>
| #endif
| #include <sys/endian.h>
configure:16933: result: no
configure:16933: checking sys/endian.h presence
configure:16933: gcc -E  conftest.c
conftest.c:26:10: fatal error: sys/endian.h: No such file or directory
   26 | #include <sys/endian.h>
      |          ^~~~~~~~~~~~~~
compilation terminated.
configure:16933: $? = 1
configure: failed program was:
| /* confdefs.h */
| #define PACKAGE_NAME "libunwind"
| #define PACKAGE_TARNAME "libunwind"
| #define PACKAGE_VERSION "1.6.2"
| #define PACKAGE_STRING "libunwind 1.6.2"
| #define PACKAGE_BUGREPORT "libunwind-devel@nongnu.org"
| #define PACKAGE_URL ""
| #define PACKAGE "libunwind"
| #define VERSION "1.6.2"
| #define STDC_HEADERS 1
| #define HAVE_SYS_TYPES_H 1
| #define HAVE_SYS_STAT_H 1
| #define HAVE_STDLIB_H 1
| #define HAVE_STRING_H 1
| #define HAVE_MEMORY_H 1
| #define HAVE_STRINGS_H 1
| #define HAVE_INTTYPES_H 1
| #define HAVE_STDINT_H 1
| #define HAVE_UNISTD_H 1
| #define HAVE_DLFCN_H 1
| #define LT_OBJDIR ".libs/"
| #define STDC_HEADERS 1
| #define HAVE_ASM_PTRACE_H 1
| #define HAVE_ENDIAN_H 1
| /* end confdefs.h.  */
| #include <sys/endian.h>
configure:16933: result: no
configure:16933: checking for sys/endian.h
configure:16933: result: no
configure:16933: checking sys/param.h usability
configure:16933: gcc -c -g -O2  conftest.c >&5
configure:16933: $? = 0
configure:16933: result: yes
configure:16933: checking sys/param.h presence
configure:16933: gcc -E  conftest.c
configure:16933: $? = 0
configure:16933: result: yes
configure:16933: checking for sys/param.h
configure:16933: result: yes
configure:16933: checking execinfo.h usability
configure:16933: gcc -c -g -O2  conftest.c >&5
configure:16933: $? = 0
configure:16933: result: yes
configure:16933: checking execinfo.h presence
configure:16933: gcc -E  conftest.c
configure:16933: $? = 0
configure:16933: result: yes
configure:16933: checking for execinfo.h
configure:16933: result: yes
configure:16933: checking ia64intrin.h usability
configure:16933: gcc -c -g -O2  conftest.c >&5
conftest.c:61:10: fatal error: ia64intrin.h: No such file or directory
   61 | #include <ia64intrin.h>
      |          ^~~~~~~~~~~~~~
compilation terminated.
configure:16933: $? = 1
configure: failed program was:
| /* confdefs.h */
| #define PACKAGE_NAME "libunwind"
| #define PACKAGE_TARNAME "libunwind"
| #define PACKAGE_VERSION "1.6.2"
| #define PACKAGE_STRING "libunwind 1.6.2"
| #define PACKAGE_BUGREPORT "libunwind-devel@nongnu.org"
| #define PACKAGE_URL ""
| #define PACKAGE "libunwind"
| #define VERSION "1.6.2"
| #define STDC_HEADERS 1
| #define HAVE_SYS_TYPES_H 1
| #define HAVE_SYS_STAT_H 1
| #define HAVE_STDLIB_H 1
| #define HAVE_STRING_H 1
| #define HAVE_MEMORY_H 1
| #define HAVE_STRINGS_H 1
| #define HAVE_INTTYPES_H 1
| #define HAVE_STDINT_H 1
| #define HAVE_UNISTD_H 1
| #define HAVE_DLFCN_H 1
| #define LT_OBJDIR ".libs/"
| #define STDC_HEADERS 1
| #define HAVE_ASM_PTRACE_H 1
| #define HAVE_ENDIAN_H 1
| #define HAVE_SYS_PARAM_H 1
| #define HAVE_EXECINFO_H 1
| /* end confdefs.h.  */
| #include <stdio.h>
| #ifdef HAVE_SYS_TYPES_H
| # include <sys/types.h>
| #endif
| #ifdef HAVE_SYS_STAT_H
| # include <sys/stat.h>
| #endif
| #ifdef STDC_HEADERS
| # include <stdlib.h>
| # include <stddef.h>
| #else
| # ifdef HAVE_STDLIB_H
| #  include <stdlib.h>
| # endif
| #endif
| #ifdef HAVE_STRING_H
| # if !defined STDC_HEADERS && defined HAVE_MEMORY_H
| #  include <memory.h>
| # endif
| # include <string.h>
| #endif
| #ifdef HAVE_STRINGS_H
| # include <strings.h>
| #endif
| #ifdef HAVE_INTTYPES_H
| # include <inttypes.h>
| #endif
| #ifdef HAVE_STDINT_H
| # include <stdint.h>
| #endif
| #ifdef HAVE_UNISTD_H
| # include <unistd.h>
| #endif
| #include <ia64intrin.h>
configure:16933: result: no
configure:16933: checking ia64intrin.h presence
configure:16933: gcc -E  conftest.c
conftest.c:28:10: fatal error: ia64intrin.h: No such file or directory
   28 | #include <ia64intrin.h>
      |          ^~~~~~~~~~~~~~
compilation terminated.
configure:16933: $? = 1
configure: failed program was:
| /* confdefs.h */
| #define PACKAGE_NAME "libunwind"
| #define PACKAGE_TARNAME "libunwind"
| #define PACKAGE_VERSION "1.6.2"
| #define PACKAGE_STRING "libunwind 1.6.2"
| #define PACKAGE_BUGREPORT "libunwind-devel@nongnu.org"
| #define PACKAGE_URL ""
| #define PACKAGE "libunwind"
| #define VERSION "1.6.2"
| #define STDC_HEADERS 1
| #define HAVE_SYS_TYPES_H 1
| #define HAVE_SYS_STAT_H 1
| #define HAVE_STDLIB_H 1
| #define HAVE_STRING_H 1
| #define HAVE_MEMORY_H 1
| #define HAVE_STRINGS_H 1
| #define HAVE_INTTYPES_H 1
| #define HAVE_STDINT_H 1
| #define HAVE_UNISTD_H 1
| #define HAVE_DLFCN_H 1
| #define LT_OBJDIR ".libs/"
| #define STDC_HEADERS 1
| #define HAVE_ASM_PTRACE_H 1
| #define HAVE_ENDIAN_H 1
| #define HAVE_SYS_PARAM_H 1
| #define HAVE_EXECINFO_H 1
| /* end confdefs.h.  */
| #include <ia64intrin.h>
configure:16933: result: no
configure:16933: checking for ia64intrin.h
configure:16933: result: no
configure:16933: checking sys/uc_access.h usability
configure:16933: gcc -c -g -O2  conftest.c >&5
conftest.c:61:10: fatal error: sys/uc_access.h: No such file or directory
   61 | #include <sys/uc_access.h>
      |          ^~~~~~~~~~~~~~~~~
compilation terminated.
configure:16933: $? = 1
configure: failed program was:
| /* confdefs.h */
| #define PACKAGE_NAME "libunwind"
| #define PACKAGE_TARNAME "libunwind"
| #define PACKAGE_VERSION "1.6.2"
| #define PACKAGE_STRING "libunwind 1.6.2"
| #define PACKAGE_BUGREPORT "libunwind-devel@nongnu.org"
| #define PACKAGE_URL ""
| #define PACKAGE "libunwind"
| #define VERSION "1.6.2"
| #define STDC_HEADERS 1
| #define HAVE_SYS_TYPES_H 1
| #define HAVE_SYS_STAT_H 1
| #define HAVE_STDLIB_H 1
| #define HAVE_STRING_H 1
| #define HAVE_MEMORY_H 1
| #define HAVE_STRINGS_H 1
| #define HAVE_INTTYPES_H 1
| #define HAVE_STDINT_H 1
| #define HAVE_UNISTD_H 1
| #define HAVE_DLFCN_H 1
| #define LT_OBJDIR ".libs/"
| #define STDC_HEADERS 1
| #define HAVE_ASM_PTRACE_H 1
| #define HAVE_ENDIAN_H 1
| #define HAVE_SYS_PARAM_H 1
| #define HAVE_EXECINFO_H 1
| /* end confdefs.h.  */
| #include <stdio.h>
| #ifdef HAVE_SYS_TYPES_H
| # include <sys/types.h>
| #endif
| #ifdef HAVE_SYS_STAT_H
| # include <sys/stat.h>
| #endif
| #ifdef STDC_HEADERS
| # include <stdlib.h>
| # include <stddef.h>
| #else
| # ifdef HAVE_STDLIB_H
| #  include <stdlib.h>
| # endif
| #endif
| #ifdef HAVE_STRING_H
| # if !defined STDC_HEADERS && defined HAVE_MEMORY_H
| #  include <memory.h>
| # endif
| # include <string.h>
| #endif
| #ifdef HAVE_STRINGS_H
| # include <strings.h>
| #endif
| #ifdef HAVE_INTTYPES_H
| # include <inttypes.h>
| #endif
| #ifdef HAVE_STDINT_H
| # include <stdint.h>
| #endif
| #ifdef HAVE_UNISTD_H
| # include <unistd.h>
| #endif
| #include <sys/uc_access.h>
configure:16933: result: no
configure:16933: checking sys/uc_access.h presence
configure:16933: gcc -E  conftest.c
conftest.c:28:10: fatal error: sys/uc_access.h: No such file or directory
   28 | #include <sys/uc_access.h>
      |          ^~~~~~~~~~~~~~~~~
compilation terminated.
configure:16933: $? = 1
configure: failed program was:
| /* confdefs.h */
| #define PACKAGE_NAME "libunwind"
| #define PACKAGE_TARNAME "libunwind"
| #define PACKAGE_VERSION "1.6.2"
| #define PACKAGE_STRING "libunwind 1.6.2"
| #define PACKAGE_BUGREPORT "libunwind-devel@nongnu.org"
| #define PACKAGE_URL ""
| #define PACKAGE "libunwind"
| #define VERSION "1.6.2"
| #define STDC_HEADERS 1
| #define HAVE_SYS_TYPES_H 1
| #define HAVE_SYS_STAT_H 1
| #define HAVE_STDLIB_H 1
| #define HAVE_STRING_H 1
| #define HAVE_MEMORY_H 1
| #define HAVE_STRINGS_H 1
| #define HAVE_INTTYPES_H 1
| #define HAVE_STDINT_H 1
| #define HAVE_UNISTD_H 1
| #define HAVE_DLFCN_H 1
| #define LT_OBJDIR ".libs/"
| #define STDC_HEADERS 1
| #define HAVE_ASM_PTRACE_H 1
| #define HAVE_ENDIAN_H 1
| #define HAVE_SYS_PARAM_H 1
| #define HAVE_EXECINFO_H 1
| /* end confdefs.h.  */
| #include <sys/uc_access.h>
configure:16933: result: no
configure:16933: checking for sys/uc_access.h
configure:16933: result: no
configure:16933: checking for unistd.h
configure:16933: result: yes
configure:16933: checking signal.h usability
configure:16933: gcc -c -g -O2  conftest.c >&5
configure:16933: $? = 0
configure:16933: result: yes
configure:16933: checking signal.h presence
configure:16933: gcc -E  conftest.c
configure:16933: $? = 0
configure:16933: result: yes
configure:16933: checking for signal.h
configure:16933: result: yes
configure:16933: checking for sys/types.h
configure:16933: result: yes
configure:16933: checking sys/procfs.h usability
configure:16933: gcc -c -g -O2  conftest.c >&5
configure:16933: $? = 0
configure:16933: result: yes
configure:16933: checking sys/procfs.h presence
configure:16933: gcc -E  conftest.c
configure:16933: $? = 0
configure:16933: result: yes
configure:16933: checking for sys/procfs.h
configure:16933: result: yes
configure:16933: checking sys/ptrace.h usability
configure:16933: gcc -c -g -O2  conftest.c >&5
configure:16933: $? = 0
configure:16933: result: yes
configure:16933: checking sys/ptrace.h presence
configure:16933: gcc -E  conftest.c
configure:16933: $? = 0
configure:16933: result: yes
configure:16933: checking for sys/ptrace.h
configure:16933: result: yes
configure:16933: checking sys/syscall.h usability
configure:16933: gcc -c -g -O2  conftest.c >&5
configure:16933: $? = 0
configure:16933: result: yes
configure:16933: checking sys/syscall.h presence
configure:16933: gcc -E  conftest.c
configure:16933: $? = 0
configure:16933: result: yes
configure:16933: checking for sys/syscall.h
configure:16933: result: yes
configure:16933: checking byteswap.h usability
configure:16933: gcc -c -g -O2  conftest.c >&5
configure:16933: $? = 0
configure:16933: result: yes
configure:16933: checking byteswap.h presence
configure:16933: gcc -E  conftest.c
configure:16933: $? = 0
configure:16933: result: yes
configure:16933: checking for byteswap.h
configure:16933: result: yes
configure:16933: checking elf.h usability
configure:16933: gcc -c -g -O2  conftest.c >&5
configure:16933: $? = 0
configure:16933: result: yes
configure:16933: checking elf.h presence
configure:16933: gcc -E  conftest.c
configure:16933: $? = 0
configure:16933: result: yes
configure:16933: checking for elf.h
configure:16933: result: yes
configure:16933: checking sys/elf.h usability
configure:16933: gcc -c -g -O2  conftest.c >&5
In file included from conftest.c:69:
/usr/include/x86_64-linux-gnu/sys/elf.h:22:3: error: #error This header is unsupported on x86-64.
   22 | # error This header is unsupported on x86-64.
      |   ^~~~~
configure:16933: $? = 1
configure: failed program was:
| /* confdefs.h */
| #define PACKAGE_NAME "libunwind"
| #define PACKAGE_TARNAME "libunwind"
| #define PACKAGE_VERSION "1.6.2"
| #define PACKAGE_STRING "libunwind 1.6.2"
| #define PACKAGE_BUGREPORT "libunwind-devel@nongnu.org"
| #define PACKAGE_URL ""
| #define PACKAGE "libunwind"
| #define VERSION "1.6.2"
| #define STDC_HEADERS 1
| #define HAVE_SYS_TYPES_H 1
| #define HAVE_SYS_STAT_H 1
| #define HAVE_STDLIB_H 1
| #define HAVE_STRING_H 1
| #define HAVE_MEMORY_H 1
| #define HAVE_STRINGS_H 1
| #define HAVE_INTTYPES_H 1
| #define HAVE_STDINT_H 1
| #define HAVE_UNISTD_H 1
| #define HAVE_DLFCN_H 1
| #define LT_OBJDIR ".libs/"
| #define STDC_HEADERS 1
| #define HAVE_ASM_PTRACE_H 1
| #define HAVE_ENDIAN_H 1
| #define HAVE_SYS_PARAM_H 1
| #define HAVE_EXECINFO_H 1
| #define HAVE_UNISTD_H 1
| #define HAVE_SIGNAL_H 1
| #define HAVE_SYS_TYPES_H 1
| #define HAVE_SYS_PROCFS_H 1
| #define HAVE_SYS_PTRACE_H 1
| #define HAVE_SYS_SYSCALL_H 1
| #define HAVE_BYTESWAP_H 1
| #define HAVE_ELF_H 1
| /* end confdefs.h.  */
| #include <stdio.h>
| #ifdef HAVE_SYS_TYPES_H
| # include <sys/types.h>
| #endif
| #ifdef HAVE_SYS_STAT_H
| # include <sys/stat.h>
| #endif
| #ifdef STDC_HEADERS
| # include <stdlib.h>
| # include <stddef.h>
| #else
| # ifdef HAVE_STDLIB_H
| #  include <stdlib.h>
| # endif
| #endif
| #ifdef HAVE_STRING_H
| # if !defined STDC_HEADERS && defined HAVE_MEMORY_H
| #  include <memory.h>
| # endif
| # include <string.h>
| #endif
| #ifdef HAVE_STRINGS_H
| # include <strings.h>
| #endif
| #ifdef HAVE_INTTYPES_H
| # include <inttypes.h>
| #endif
| #ifdef HAVE_STDINT_H
| # include <stdint.h>
| #endif
| #ifdef HAVE_UNISTD_H
| # include <unistd.h>
| #endif
| #include <sys/elf.h>
configure:16933: result: no
configure:16933: checking sys/elf.h presence
configure:16933: gcc -E  conftest.c
In file included from conftest.c:36:
/usr/include/x86_64-linux-gnu/sys/elf.h:22:3: error: #error This header is unsupported on x86-64.
   22 | # error This header is unsupported on x86-64.
      |   ^~~~~
configure:16933: $? = 1
configure: failed program was:
| /* confdefs.h */
| #define PACKAGE_NAME "libunwind"
| #define PACKAGE_TARNAME "libunwind"
| #define PACKAGE_VERSION "1.6.2"
| #define PACKAGE_STRING "libunwind 1.6.2"
| #define PACKAGE_BUGREPORT "libunwind-devel@nongnu.org"
| #define PACKAGE_URL ""
| #define PACKAGE "libunwind"
| #define VERSION "1.6.2"
| #define STDC_HEADERS 1
| #define HAVE_SYS_TYPES_H 1
| #define HAVE_SYS_STAT_H 1
| #define HAVE_STDLIB_H 1
| #define HAVE_STRING_H 1
| #define HAVE_MEMORY_H 1
| #define HAVE_STRINGS_H 1
| #define HAVE_INTTYPES_H 1
| #define HAVE_STDINT_H 1
| #define HAVE_UNISTD_H 1
| #define HAVE_DLFCN_H 1
| #define LT_OBJDIR ".libs/"
| #define STDC_HEADERS 1
| #define HAVE_ASM_PTRACE_H 1
| #define HAVE_ENDIAN_H 1
| #define HAVE_SYS_PARAM_H 1
| #define HAVE_EXECINFO_H 1
| #define HAVE_UNISTD_H 1
| #define HAVE_SIGNAL_H 1
| #define HAVE_SYS_TYPES_H 1
| #define HAVE_SYS_PROCFS_H 1
| #define HAVE_SYS_PTRACE_H 1
| #define HAVE_SYS_SYSCALL_H 1
| #define HAVE_BYTESWAP_H 1
| #define HAVE_ELF_H 1
| /* end confdefs.h.  */
| #include <sys/elf.h>
configure:16933: result: no
configure:16933: checking for sys/elf.h
configure:16933: result: no
configure:16933: checking link.h usability
configure:16933: gcc -c -g -O2  conftest.c >&5
configure:16933: $? = 0
configure:16933: result: yes
configure:16933: checking link.h presence
configure:16933: gcc -E  conftest.c
configure:16933: $? = 0
configure:16933: result: yes
configure:16933: checking for link.h
configure:16933: result: yes
configure:16933: checking sys/link.h usability
configure:16933: gcc -c -g -O2  conftest.c >&5
conftest.c:70:10: fatal error: sys/link.h: No such file or directory
   70 | #include <sys/link.h>
      |          ^~~~~~~~~~~~
compilation terminated.
configure:16933: $? = 1
configure: failed program was:
| /* confdefs.h */
| #define PACKAGE_NAME "libunwind"
| #define PACKAGE_TARNAME "libunwind"
| #define PACKAGE_VERSION "1.6.2"
| #define PACKAGE_STRING "libunwind 1.6.2"
| #define PACKAGE_BUGREPORT "libunwind-devel@nongnu.org"
| #define PACKAGE_URL ""
| #define PACKAGE "libunwind"
| #define VERSION "1.6.2"
| #define STDC_HEADERS 1
| #define HAVE_SYS_TYPES_H 1
| #define HAVE_SYS_STAT_H 1
| #define HAVE_STDLIB_H 1
| #define HAVE_STRING_H 1
| #define HAVE_MEMORY_H 1
| #define HAVE_STRINGS_H 1
| #define HAVE_INTTYPES_H 1
| #define HAVE_STDINT_H 1
| #define HAVE_UNISTD_H 1
| #define HAVE_DLFCN_H 1
| #define LT_OBJDIR ".libs/"
| #define STDC_HEADERS 1
| #define HAVE_ASM_PTRACE_H 1
| #define HAVE_ENDIAN_H 1
| #define HAVE_SYS_PARAM_H 1
| #define HAVE_EXECINFO_H 1
| #define HAVE_UNISTD_H 1
| #define HAVE_SIGNAL_H 1
| #define HAVE_SYS_TYPES_H 1
| #define HAVE_SYS_PROCFS_H 1
| #define HAVE_SYS_PTRACE_H 1
| #define HAVE_SYS_SYSCALL_H 1
| #define HAVE_BYTESWAP_H 1
| #define HAVE_ELF_H 1
| #define HAVE_LINK_H 1
| /* end confdefs.h.  */
| #include <stdio.h>
| #ifdef HAVE_SYS_TYPES_H
| # include <sys/types.h>
| #endif
| #ifdef HAVE_SYS_STAT_H
| # include <sys/stat.h>
| #endif
| #ifdef STDC_HEADERS
| # include <stdlib.h>
| # include <stddef.h>
| #else
| # ifdef HAVE_STDLIB_H
| #  include <stdlib.h>
| # endif
| #endif
| #ifdef HAVE_STRING_H
| # if !defined STDC_HEADERS && defined HAVE_MEMORY_H
| #  include <memory.h>
| # endif
| # include <string.h>
| #endif
| #ifdef HAVE_STRINGS_H
| # include <strings.h>
| #endif
| #ifdef HAVE_INTTYPES_H
| # include <inttypes.h>
| #endif
| #ifdef HAVE_STDINT_H
| # include <stdint.h>
| #endif
| #ifdef HAVE_UNISTD_H
| # include <unistd.h>
| #endif
| #include <sys/link.h>
configure:16933: result: no
configure:16933: checking sys/link.h presence
configure:16933: gcc -E  conftest.c
conftest.c:37:10: fatal error: sys/link.h: No such file or directory
   37 | #include <sys/link.h>
      |          ^~~~~~~~~~~~
compilation terminated.
configure:16933: $? = 1
configure: failed program was:
| /* confdefs.h */
| #define PACKAGE_NAME "libunwind"
| #define PACKAGE_TARNAME "libunwind"
| #define PACKAGE_VERSION "1.6.2"
| #define PACKAGE_STRING "libunwind 1.6.2"
| #define PACKAGE_BUGREPORT "libunwind-devel@nongnu.org"
| #define PACKAGE_URL ""
| #define PACKAGE "libunwind"
| #define VERSION "1.6.2"
| #define STDC_HEADERS 1
| #define HAVE_SYS_TYPES_H 1
| #define HAVE_SYS_STAT_H 1
| #define HAVE_STDLIB_H 1
| #define HAVE_STRING_H 1
| #define HAVE_MEMORY_H 1
| #define HAVE_STRINGS_H 1
| #define HAVE_INTTYPES_H 1
| #define HAVE_STDINT_H 1
| #define HAVE_UNISTD_H 1
| #define HAVE_DLFCN_H 1
| #define LT_OBJDIR ".libs/"
| #define STDC_HEADERS 1
| #define HAVE_ASM_PTRACE_H 1
| #define HAVE_ENDIAN_H 1
| #define HAVE_SYS_PARAM_H 1
| #define HAVE_EXECINFO_H 1
| #define HAVE_UNISTD_H 1
| #define HAVE_SIGNAL_H 1
| #define HAVE_SYS_TYPES_H 1
| #define HAVE_SYS_PROCFS_H 1
| #define HAVE_SYS_PTRACE_H 1
| #define HAVE_SYS_SYSCALL_H 1
| #define HAVE_BYTESWAP_H 1
| #define HAVE_ELF_H 1
| #define HAVE_LINK_H 1
| /* end confdefs.h.  */
| #include <sys/link.h>
configure:16933: result: no
configure:16933: checking for sys/link.h
configure:16933: result: no
configure:16944: checking for an ANSI C-conforming const
configure:17010: gcc -c -g -O2  conftest.c >&5
configure:17010: $? = 0
configure:17017: result: yes
configure:17025: checking for inline
configure:17041: gcc -c -g -O2  conftest.c >&5
configure:17041: $? = 0
configure:17049: result: inline
configure:17067: checking for size_t
configure:17067: gcc -c -g -O2  conftest.c >&5
configure:17067: $? = 0
configure:17067: gcc -c -g -O2  conftest.c >&5
conftest.c: In function 'main':
conftest.c:73:21: error: expected expression before ')' token
   73 | if (sizeof ((size_t)))
      |                     ^
configure:17067: $? = 1
configure: failed program was:
| /* confdefs.h */
| #define PACKAGE_NAME "libunwind"
| #define PACKAGE_TARNAME "libunwind"
| #define PACKAGE_VERSION "1.6.2"
| #define PACKAGE_STRING "libunwind 1.6.2"
| #define PACKAGE_BUGREPORT "libunwind-devel@nongnu.org"
| #define PACKAGE_URL ""
| #define PACKAGE "libunwind"
| #define VERSION "1.6.2"
| #define STDC_HEADERS 1
| #define HAVE_SYS_TYPES_H 1
| #define HAVE_SYS_STAT_H 1
| #define HAVE_STDLIB_H 1
| #define HAVE_STRING_H 1
| #define HAVE_MEMORY_H 1
| #define HAVE_STRINGS_H 1
| #define HAVE_INTTYPES_H 1
| #define HAVE_STDINT_H 1
| #define HAVE_UNISTD_H 1
| #define HAVE_DLFCN_H 1
| #define LT_OBJDIR ".libs/"
| #define STDC_HEADERS 1
| #define HAVE_ASM_PTRACE_H 1
| #define HAVE_ENDIAN_H 1
| #define HAVE_SYS_PARAM_H 1
| #define HAVE_EXECINFO_H 1
| #define HAVE_UNISTD_H 1
| #define HAVE_SIGNAL_H 1
| #define HAVE_SYS_TYPES_H 1
| #define HAVE_SYS_PROCFS_H 1
| #define HAVE_SYS_PTRACE_H 1
| #define HAVE_SYS_SYSCALL_H 1
| #define HAVE_BYTESWAP_H 1
| #define HAVE_ELF_H 1
| #define HAVE_LINK_H 1
| /* end confdefs.h.  */
| #include <stdio.h>
| #ifdef HAVE_SYS_TYPES_H
| # include <sys/types.h>
| #endif
| #ifdef HAVE_SYS_STAT_H
| # include <sys/stat.h>
| #endif
| #ifdef STDC_HEADERS
| # include <stdlib.h>
| # include <stddef.h>
| #else
| # ifdef HAVE_STDLIB_H
| #  include <stdlib.h>
| # endif
| #endif
| #ifdef HAVE_STRING_H
| # if !defined STDC_HEADERS && defined HAVE_MEMORY_H
| #  include <memory.h>
| # endif
| # include <string.h>
| #endif
| #ifdef HAVE_STRINGS_H
| # include <strings.h>
| #endif
| #ifdef HAVE_INTTYPES_H
| # include <inttypes.h>
| #endif
| #ifdef HAVE_STDINT_H
| # include <stdint.h>
| #endif
| #ifdef HAVE_UNISTD_H
| # include <unistd.h>
| #endif
| int
| main ()
| {
| if (sizeof ((size_t)))
| 	    return 0;
|   ;
|   return 0;
| }
configure:17067: result: yes
configure:17082: checking size of off_t
configure:17087: gcc -o conftest -g -O2   conftest.c  >&5
configure:17087: $? = 0
configure:17087: ./conftest
configure:17087: $? = 0
configure:17101: result: 8
configure:17114: checking for struct dl_phdr_info.dlpi_subs
configure:17114: gcc -c -g -O2  -D_GNU_SOURCE conftest.c >&5
configure:17114: $? = 0
configure:17114: result: yes
configure:17125: checking for struct elf_prstatus
configure:17125: gcc -c -g -O2  -D_GNU_SOURCE conftest.c >&5
configure:17125: $? = 0
configure:17125: gcc -c -g -O2  -D_GNU_SOURCE conftest.c >&5
conftest.c: In function 'main':
conftest.c:80:34: error: expected expression before ')' token
   80 | if (sizeof ((struct elf_prstatus)))
      |                                  ^
configure:17125: $? = 1
configure: failed program was:
| /* confdefs.h */
| #define PACKAGE_NAME "libunwind"
| #define PACKAGE_TARNAME "libunwind"
| #define PACKAGE_VERSION "1.6.2"
| #define PACKAGE_STRING "libunwind 1.6.2"
| #define PACKAGE_BUGREPORT "libunwind-devel@nongnu.org"
| #define PACKAGE_URL ""
| #define PACKAGE "libunwind"
| #define VERSION "1.6.2"
| #define STDC_HEADERS 1
| #define HAVE_SYS_TYPES_H 1
| #define HAVE_SYS_STAT_H 1
| #define HAVE_STDLIB_H 1
| #define HAVE_STRING_H 1
| #define HAVE_MEMORY_H 1
| #define HAVE_STRINGS_H 1
| #define HAVE_INTTYPES_H 1
| #define HAVE_STDINT_H 1
| #define HAVE_UNISTD_H 1
| #define HAVE_DLFCN_H 1
| #define LT_OBJDIR ".libs/"
| #define STDC_HEADERS 1
| #define HAVE_ASM_PTRACE_H 1
| #define HAVE_ENDIAN_H 1
| #define HAVE_SYS_PARAM_H 1
| #define HAVE_EXECINFO_H 1
| #define HAVE_UNISTD_H 1
| #define HAVE_SIGNAL_H 1
| #define HAVE_SYS_TYPES_H 1
| #define HAVE_SYS_PROCFS_H 1
| #define HAVE_SYS_PTRACE_H 1
| #define HAVE_SYS_SYSCALL_H 1
| #define HAVE_BYTESWAP_H 1
| #define HAVE_ELF_H 1
| #define HAVE_LINK_H 1
| #define SIZEOF_OFF_T 8
| #define HAVE_STRUCT_DL_PHDR_INFO_DLPI_SUBS 1
| /* end confdefs.h.  */
| #include <stdio.h>
| #ifdef HAVE_SYS_TYPES_H
| # include <sys/types.h>
| #endif
| #ifdef HAVE_SYS_STAT_H
| # include <sys/stat.h>
| #endif
| #ifdef STDC_HEADERS
| # include <stdlib.h>
| # include <stddef.h>
| #else
| # ifdef HAVE_STDLIB_H
| #  include <stdlib.h>
| # endif
| #endif
| #ifdef HAVE_STRING_H
| # if !defined STDC_HEADERS && defined HAVE_MEMORY_H
| #  include <memory.h>
| # endif
| # include <string.h>
| #endif
| #ifdef HAVE_STRINGS_H
| # include <strings.h>
| #endif
| #ifdef HAVE_INTTYPES_H
| # include <inttypes.h>
| #endif
| #ifdef HAVE_STDINT_H
| # include <stdint.h>
| #endif
| #ifdef HAVE_UNISTD_H
| # include <unistd.h>
| #endif
| #if HAVE_SYS_PROCFS_H
| # include <sys/procfs.h>
| #endif
| 
| 
| int
| main ()
| {
| if (sizeof ((struct elf_prstatus)))
| 	    return 0;
|   ;
|   return 0;
| }
configure:17125: result: yes
configure:17139: checking for struct prstatus
configure:17139: gcc -c -g -O2  -D_GNU_SOURCE conftest.c >&5
conftest.c: In function 'main':
conftest.c:81:13: error: invalid application of 'sizeof' to incomplete type 'struct prstatus'
   81 | if (sizeof (struct prstatus))
      |             ^~~~~~
configure:17139: $? = 1
configure: failed program was:
| /* confdefs.h */
| #define PACKAGE_NAME "libunwind"
| #define PACKAGE_TARNAME "libunwind"
| #define PACKAGE_VERSION "1.6.2"
| #define PACKAGE_STRING "libunwind 1.6.2"
| #define PACKAGE_BUGREPORT "libunwind-devel@nongnu.org"
| #define PACKAGE_URL ""
| #define PACKAGE "libunwind"
| #define VERSION "1.6.2"
| #define STDC_HEADERS 1
| #define HAVE_SYS_TYPES_H 1
| #define HAVE_SYS_STAT_H 1
| #define HAVE_STDLIB_H 1
| #define HAVE_STRING_H 1
| #define HAVE_MEMORY_H 1
| #define HAVE_STRINGS_H 1
| #define HAVE_INTTYPES_H 1
| #define HAVE_STDINT_H 1
| #define HAVE_UNISTD_H 1
| #define HAVE_DLFCN_H 1
| #define LT_OBJDIR ".libs/"
| #define STDC_HEADERS 1
| #define HAVE_ASM_PTRACE_H 1
| #define HAVE_ENDIAN_H 1
| #define HAVE_SYS_PARAM_H 1
| #define HAVE_EXECINFO_H 1
| #define HAVE_UNISTD_H 1
| #define HAVE_SIGNAL_H 1
| #define HAVE_SYS_TYPES_H 1
| #define HAVE_SYS_PROCFS_H 1
| #define HAVE_SYS_PTRACE_H 1
| #define HAVE_SYS_SYSCALL_H 1
| #define HAVE_BYTESWAP_H 1
| #define HAVE_ELF_H 1
| #define HAVE_LINK_H 1
| #define SIZEOF_OFF_T 8
| #define HAVE_STRUCT_DL_PHDR_INFO_DLPI_SUBS 1
| #define HAVE_STRUCT_ELF_PRSTATUS 1
| /* end confdefs.h.  */
| #include <stdio.h>
| #ifdef HAVE_SYS_TYPES_H
| # include <sys/types.h>
| #endif
| #ifdef HAVE_SYS_STAT_H
| # include <sys/stat.h>
| #endif
| #ifdef STDC_HEADERS
| # include <stdlib.h>
| # include <stddef.h>
| #else
| # ifdef HAVE_STDLIB_H
| #  include <stdlib.h>
| # endif
| #endif
| #ifdef HAVE_STRING_H
| # if !defined STDC_HEADERS && defined HAVE_MEMORY_H
| #  include <memory.h>
| # endif
| # include <string.h>
| #endif
| #ifdef HAVE_STRINGS_H
| # include <strings.h>
| #endif
| #ifdef HAVE_INTTYPES_H
| # include <inttypes.h>
| #endif
| #ifdef HAVE_STDINT_H
| # include <stdint.h>
| #endif
| #ifdef HAVE_UNISTD_H
| # include <unistd.h>
| #endif
| #if HAVE_SYS_PROCFS_H
| # include <sys/procfs.h>
| #endif
| 
| 
| int
| main ()
| {
| if (sizeof (struct prstatus))
| 	 return 0;
|   ;
|   return 0;
| }
configure:17139: result: no
configure:17155: checking whether PTRACE_POKEUSER is declared
configure:17155: gcc -c -g -O2  -D_GNU_SOURCE conftest.c >&5
configure:17155: $? = 0
configure:17155: result: yes
configure:17171: checking whether PTRACE_POKEDATA is declared
configure:17171: gcc -c -g -O2  -D_GNU_SOURCE conftest.c >&5
configure:17171: $? = 0
configure:17171: result: yes
configure:17187: checking whether PTRACE_SETREGSET is declared
configure:17187: gcc -c -g -O2  -D_GNU_SOURCE conftest.c >&5
configure:17187: $? = 0
configure:17187: result: yes
configure:17203: checking whether PTRACE_TRACEME is declared
configure:17203: gcc -c -g -O2  -D_GNU_SOURCE conftest.c >&5
configure:17203: $? = 0
configure:17203: result: yes
configure:17219: checking whether PTRACE_CONT is declared
configure:17219: gcc -c -g -O2  -D_GNU_SOURCE conftest.c >&5
configure:17219: $? = 0
configure:17219: result: yes
configure:17235: checking whether PTRACE_SINGLESTEP is declared
configure:17235: gcc -c -g -O2  -D_GNU_SOURCE conftest.c >&5
configure:17235: $? = 0
configure:17235: result: yes
configure:17251: checking whether PTRACE_SYSCALL is declared
configure:17251: gcc -c -g -O2  -D_GNU_SOURCE conftest.c >&5
configure:17251: $? = 0
configure:17251: result: yes
configure:17267: checking whether PT_IO is declared
configure:17267: gcc -c -g -O2  -D_GNU_SOURCE conftest.c >&5
conftest.c: In function 'main':
conftest.c:93:10: error: 'PT_IO' undeclared (first use in this function); did you mean 'PT_KILL'?
   93 |   (void) PT_IO;
      |          ^~~~~
      |          PT_KILL
conftest.c:93:10: note: each undeclared identifier is reported only once for each function it appears in
configure:17267: $? = 1
configure: failed program was:
| /* confdefs.h */
| #define PACKAGE_NAME "libunwind"
| #define PACKAGE_TARNAME "libunwind"
| #define PACKAGE_VERSION "1.6.2"
| #define PACKAGE_STRING "libunwind 1.6.2"
| #define PACKAGE_BUGREPORT "libunwind-devel@nongnu.org"
| #define PACKAGE_URL ""
| #define PACKAGE "libunwind"
| #define VERSION "1.6.2"
| #define STDC_HEADERS 1
| #define HAVE_SYS_TYPES_H 1
| #define HAVE_SYS_STAT_H 1
| #define HAVE_STDLIB_H 1
| #define HAVE_STRING_H 1
| #define HAVE_MEMORY_H 1
| #define HAVE_STRINGS_H 1
| #define HAVE_INTTYPES_H 1
| #define HAVE_STDINT_H 1
| #define HAVE_UNISTD_H 1
| #define HAVE_DLFCN_H 1
| #define LT_OBJDIR ".libs/"
| #define STDC_HEADERS 1
| #define HAVE_ASM_PTRACE_H 1
| #define HAVE_ENDIAN_H 1
| #define HAVE_SYS_PARAM_H 1
| #define HAVE_EXECINFO_H 1
| #define HAVE_UNISTD_H 1
| #define HAVE_SIGNAL_H 1
| #define HAVE_SYS_TYPES_H 1
| #define HAVE_SYS_PROCFS_H 1
| #define HAVE_SYS_PTRACE_H 1
| #define HAVE_SYS_SYSCALL_H 1
| #define HAVE_BYTESWAP_H 1
| #define HAVE_ELF_H 1
| #define HAVE_LINK_H 1
| #define SIZEOF_OFF_T 8
| #define HAVE_STRUCT_DL_PHDR_INFO_DLPI_SUBS 1
| #define HAVE_STRUCT_ELF_PRSTATUS 1
| #define HAVE_DECL_PTRACE_POKEUSER 1
| #define HAVE_DECL_PTRACE_POKEDATA 1
| #define HAVE_DECL_PTRACE_SETREGSET 1
| #define HAVE_DECL_PTRACE_TRACEME 1
| #define HAVE_DECL_PTRACE_CONT 1
| #define HAVE_DECL_PTRACE_SINGLESTEP 1
| #define HAVE_DECL_PTRACE_SYSCALL 1
| /* end confdefs.h.  */
| #include <stdio.h>
| #ifdef HAVE_SYS_TYPES_H
| # include <sys/types.h>
| #endif
| #ifdef HAVE_SYS_STAT_H
| # include <sys/stat.h>
| #endif
| #ifdef STDC_HEADERS
| # include <stdlib.h>
| # include <stddef.h>
| #else
| # ifdef HAVE_STDLIB_H
| #  include <stdlib.h>
| # endif
| #endif
| #ifdef HAVE_STRING_H
| # if !defined STDC_HEADERS && defined HAVE_MEMORY_H
| #  include <memory.h>
| # endif
| # include <string.h>
| #endif
| #ifdef HAVE_STRINGS_H
| # include <strings.h>
| #endif
| #ifdef HAVE_INTTYPES_H
| # include <inttypes.h>
| #endif
| #ifdef HAVE_STDINT_H
| # include <stdint.h>
| #endif
| #ifdef HAVE_UNISTD_H
| # include <unistd.h>
| #endif
| #if HAVE_SYS_TYPES_H
| #include <sys/types.h>
| #endif
| #include <sys/ptrace.h>
| 
| 
| int
| main ()
| {
| #ifndef PT_IO
| #ifdef __cplusplus
|   (void) PT_IO;
| #else
|   (void) PT_IO;
| #endif
| #endif
| 
|   ;
|   return 0;
| }
configure:17267: result: no
configure:17283: checking whether PT_GETREGS is declared
configure:17283: gcc -c -g -O2  -D_GNU_SOURCE conftest.c >&5
configure:17283: $? = 0
configure:17283: result: yes
configure:17299: checking whether PT_GETFPREGS is declared
configure:17299: gcc -c -g -O2  -D_GNU_SOURCE conftest.c >&5
configure:17299: $? = 0
configure:17299: result: yes
configure:17315: checking whether PT_CONTINUE is declared
configure:17315: gcc -c -g -O2  -D_GNU_SOURCE conftest.c >&5
configure:17315: $? = 0
configure:17315: result: yes
configure:17331: checking whether PT_TRACE_ME is declared
configure:17331: gcc -c -g -O2  -D_GNU_SOURCE conftest.c >&5
configure:17331: $? = 0
configure:17331: result: yes
configure:17347: checking whether PT_STEP is declared
configure:17347: gcc -c -g -O2  -D_GNU_SOURCE conftest.c >&5
configure:17347: $? = 0
configure:17347: result: yes
configure:17363: checking whether PT_SYSCALL is declared
configure:17363: gcc -c -g -O2  -D_GNU_SOURCE conftest.c >&5
configure:17363: $? = 0
configure:17363: result: yes
configure:17385: checking for dl_iterate_phdr
configure:17385: gcc -o conftest -g -O2  -D_GNU_SOURCE  conftest.c  >&5
configure:17385: $? = 0
configure:17385: result: yes
configure:17385: checking for dl_phdr_removals_counter
configure:17385: gcc -o conftest -g -O2  -D_GNU_SOURCE  conftest.c  >&5
/usr/bin/ld: /tmp/ccI92ypm.o: in function `main':
/root/Letnet5-Optimization/cpu_v1/libunwind-1.6.2/conftest.c:89: undefined reference to `dl_phdr_removals_counter'
collect2: error: ld returned 1 exit status
configure:17385: $? = 1
configure: failed program was:
| /* confdefs.h */
| #define PACKAGE_NAME "libunwind"
| #define PACKAGE_TARNAME "libunwind"
| #define PACKAGE_VERSION "1.6.2"
| #define PACKAGE_STRING "libunwind 1.6.2"
| #define PACKAGE_BUGREPORT "libunwind-devel@nongnu.org"
| #define PACKAGE_URL ""
| #define PACKAGE "libunwind"
| #define VERSION "1.6.2"
| #define STDC_HEADERS 1
| #define HAVE_SYS_TYPES_H 1
| #define HAVE_SYS_STAT_H 1
| #define HAVE_STDLIB_H 1
| #define HAVE_STRING_H 1
| #define HAVE_MEMORY_H 1
| #define HAVE_STRINGS_H 1
| #define HAVE_INTTYPES_H 1
| #define HAVE_STDINT_H 1
| #define HAVE_UNISTD_H 1
| #define HAVE_DLFCN_H 1
| #define LT_OBJDIR ".libs/"
| #define STDC_HEADERS 1
| #define HAVE_ASM_PTRACE_H 1
| #define HAVE_ENDIAN_H 1
| #define HAVE_SYS_PARAM_H 1
| #define HAVE_EXECINFO_H 1
| #define HAVE_UNISTD_H 1
| #define HAVE_SIGNAL_H 1
| #define HAVE_SYS_TYPES_H 1
| #define HAVE_SYS_PROCFS_H 1
| #define HAVE_SYS_PTRACE_H 1
| #define HAVE_SYS_SYSCALL_H 1
| #define HAVE_BYTESWAP_H 1
| #define HAVE_ELF_H 1
| #define HAVE_LINK_H 1
| #define SIZEOF_OFF_T 8
| #define HAVE_STRUCT_DL_PHDR_INFO_DLPI_SUBS 1
| #define HAVE_STRUCT_ELF_PRSTATUS 1
| #define HAVE_DECL_PTRACE_POKEUSER 1
| #define HAVE_DECL_PTRACE_POKEDATA 1
| #define HAVE_DECL_PTRACE_SETREGSET 1
| #define HAVE_DECL_PTRACE_TRACEME 1
| #define HAVE_DECL_PTRACE_CONT 1
| #define HAVE_DECL_PTRACE_SINGLESTEP 1
| #define HAVE_DECL_PTRACE_SYSCALL 1
| #define HAVE_DECL_PT_IO 0
| #define HAVE_DECL_PT_GETREGS 1
| #define HAVE_DECL_PT_GETFPREGS 1
| #define HAVE_DECL_PT_CONTINUE 1
| #define HAVE_DECL_PT_TRACE_ME 1
| #define HAVE_DECL_PT_STEP 1
| #define HAVE_DECL_PT_SYSCALL 1
| #define HAVE_DL_ITERATE_PHDR 1
| /* end confdefs.h.  */
| /* Define dl_phdr_removals_counter to an innocuous variant, in case <limits.h> declares dl_phdr_removals_counter.
|    For example, HP-UX 11i <limits.h> declares gettimeofday.  */
| #define dl_phdr_removals_counter innocuous_dl_phdr_removals_counter
| 
| /* System header to define __stub macros and hopefully few prototypes,
|     which can conflict with char dl_phdr_removals_counter (); below.
|     Prefer <limits.h> to <assert.h> if __STDC__ is defined, since
|     <limits.h> exists even on freestanding compilers.  */
| 
| #ifdef __STDC__
| # include <limits.h>
| #else
| # include <assert.h>
| #endif
| 
| #undef dl_phdr_removals_counter
| 
| /* Override any GCC internal prototype to avoid an error.
|    Use char because int might match the return type of a GCC
|    builtin and then its argument prototype would still apply.  */
| #ifdef __cplusplus
| extern "C"
| #endif
| char dl_phdr_removals_counter ();
| /* The GNU C library defines this for functions which it implements
|     to always fail with ENOSYS.  Some functions are actually named
|     something starting with __ and the normal name is an alias.  */
| #if defined __stub_dl_phdr_removals_counter || defined __stub___dl_phdr_removals_counter
| choke me
| #endif
| 
| int
| main ()
| {
| return dl_phdr_removals_counter ();
|   ;
|   return 0;
| }
configure:17385: result: no
configure:17385: checking for dlmodinfo
configure:17385: gcc -o conftest -g -O2  -D_GNU_SOURCE  conftest.c  >&5
/usr/bin/ld: /tmp/ccgHls1U.o: in function `main':
/root/Letnet5-Optimization/cpu_v1/libunwind-1.6.2/conftest.c:89: undefined reference to `dlmodinfo'
collect2: error: ld returned 1 exit status
configure:17385: $? = 1
configure: failed program was:
| /* confdefs.h */
| #define PACKAGE_NAME "libunwind"
| #define PACKAGE_TARNAME "libunwind"
| #define PACKAGE_VERSION "1.6.2"
| #define PACKAGE_STRING "libunwind 1.6.2"
| #define PACKAGE_BUGREPORT "libunwind-devel@nongnu.org"
| #define PACKAGE_URL ""
| #define PACKAGE "libunwind"
| #define VERSION "1.6.2"
| #define STDC_HEADERS 1
| #define HAVE_SYS_TYPES_H 1
| #define HAVE_SYS_STAT_H 1
| #define HAVE_STDLIB_H 1
| #define HAVE_STRING_H 1
| #define HAVE_MEMORY_H 1
| #define HAVE_STRINGS_H 1
| #define HAVE_INTTYPES_H 1
| #define HAVE_STDINT_H 1
| #define HAVE_UNISTD_H 1
| #define HAVE_DLFCN_H 1
| #define LT_OBJDIR ".libs/"
| #define STDC_HEADERS 1
| #define HAVE_ASM_PTRACE_H 1
| #define HAVE_ENDIAN_H 1
| #define HAVE_SYS_PARAM_H 1
| #define HAVE_EXECINFO_H 1
| #define HAVE_UNISTD_H 1
| #define HAVE_SIGNAL_H 1
| #define HAVE_SYS_TYPES_H 1
| #define HAVE_SYS_PROCFS_H 1
| #define HAVE_SYS_PTRACE_H 1
| #define HAVE_SYS_SYSCALL_H 1
| #define HAVE_BYTESWAP_H 1
| #define HAVE_ELF_H 1
| #define HAVE_LINK_H 1
| #define SIZEOF_OFF_T 8
| #define HAVE_STRUCT_DL_PHDR_INFO_DLPI_SUBS 1
| #define HAVE_STRUCT_ELF_PRSTATUS 1
| #define HAVE_DECL_PTRACE_POKEUSER 1
| #define HAVE_DECL_PTRACE_POKEDATA 1
| #define HAVE_DECL_PTRACE_SETREGSET 1
| #define HAVE_DECL_PTRACE_TRACEME 1
| #define HAVE_DECL_PTRACE_CONT 1
| #define HAVE_DECL_PTRACE_SINGLESTEP 1
| #define HAVE_DECL_PTRACE_SYSCALL 1
| #define HAVE_DECL_PT_IO 0
| #define HAVE_DECL_PT_GETREGS 1
| #define HAVE_DECL_PT_GETFPREGS 1
| #define HAVE_DECL_PT_CONTINUE 1
| #define HAVE_DECL_PT_TRACE_ME 1
| #define HAVE_DECL_PT_STEP 1
| #define HAVE_DECL_PT_SYSCALL 1
| #define HAVE_DL_ITERATE_PHDR 1
| /* end confdefs.h.  */
| /* Define dlmodinfo to an innocuous variant, in case <limits.h> declares dlmodinfo.
|    For example, HP-UX 11i <limits.h> declares gettimeofday.  */
| #define dlmodinfo innocuous_dlmodinfo
| 
| /* System header to define __stub macros and hopefully few prototypes,
|     which can conflict with char dlmodinfo (); below.
|     Prefer <limits.h> to <assert.h> if __STDC__ is defined, since
|     <limits.h> exists even on freestanding compilers.  */
| 
| #ifdef __STDC__
| # include <limits.h>
| #else
| # include <assert.h>
| #endif
| 
| #undef dlmodinfo
| 
| /* Override any GCC internal prototype to avoid an error.
|    Use char because int might match the return type of a GCC
|    builtin and then its argument prototype would still apply.  */
| #ifdef __cplusplus
| extern "C"
| #endif
| char dlmodinfo ();
| /* The GNU C library defines this for functions which it implements
|     to always fail with ENOSYS.  Some functions are actually named
|     something starting with __ and the normal name is an alias.  */
| #if defined __stub_dlmodinfo || defined __stub___dlmodinfo
| choke me
| #endif
| 
| int
| main ()
| {
| return dlmodinfo ();
|   ;
|   return 0;
| }
configure:17385: result: no
configure:17385: checking for getunwind
configure:17385: gcc -o conftest -g -O2  -D_GNU_SOURCE  conftest.c  >&5
/usr/bin/ld: /tmp/ccPZwKll.o: in function `main':
/root/Letnet5-Optimization/cpu_v1/libunwind-1.6.2/conftest.c:89: undefined reference to `getunwind'
collect2: error: ld returned 1 exit status
configure:17385: $? = 1
configure: failed program was:
| /* confdefs.h */
| #define PACKAGE_NAME "libunwind"
| #define PACKAGE_TARNAME "libunwind"
| #define PACKAGE_VERSION "1.6.2"
| #define PACKAGE_STRING "libunwind 1.6.2"
| #define PACKAGE_BUGREPORT "libunwind-devel@nongnu.org"
| #define PACKAGE_URL ""
| #define PACKAGE "libunwind"
| #define VERSION "1.6.2"
| #define STDC_HEADERS 1
| #define HAVE_SYS_TYPES_H 1
| #define HAVE_SYS_STAT_H 1
| #define HAVE_STDLIB_H 1
| #define HAVE_STRING_H 1
| #define HAVE_MEMORY_H 1
| #define HAVE_STRINGS_H 1
| #define HAVE_INTTYPES_H 1
| #define HAVE_STDINT_H 1
| #define HAVE_UNISTD_H 1
| #define HAVE_DLFCN_H 1
| #define LT_OBJDIR ".libs/"
| #define STDC_HEADERS 1
| #define HAVE_ASM_PTRACE_H 1
| #define HAVE_ENDIAN_H 1
| #define HAVE_SYS_PARAM_H 1
| #define HAVE_EXECINFO_H 1
| #define HAVE_UNISTD_H 1
| #define HAVE_SIGNAL_H 1
| #define HAVE_SYS_TYPES_H 1
| #define HAVE_SYS_PROCFS_H 1
| #define HAVE_SYS_PTRACE_H 1
| #define HAVE_SYS_SYSCALL_H 1
| #define HAVE_BYTESWAP_H 1
| #define HAVE_ELF_H 1
| #define HAVE_LINK_H 1
| #define SIZEOF_OFF_T 8
| #define HAVE_STRUCT_DL_PHDR_INFO_DLPI_SUBS 1
| #define HAVE_STRUCT_ELF_PRSTATUS 1
| #define HAVE_DECL_PTRACE_POKEUSER 1
| #define HAVE_DECL_PTRACE_POKEDATA 1
| #define HAVE_DECL_PTRACE_SETREGSET 1
| #define HAVE_DECL_PTRACE_TRACEME 1
| #define HAVE_DECL_PTRACE_CONT 1
| #define HAVE_DECL_PTRACE_SINGLESTEP 1
| #define HAVE_DECL_PTRACE_SYSCALL 1
| #define HAVE_DECL_PT_IO 0
| #define HAVE_DECL_PT_GETREGS 1
| #define HAVE_DECL_PT_GETFPREGS 1
| #define HAVE_DECL_PT_CONTINUE 1
| #define HAVE_DECL_PT_TRACE_ME 1
| #define HAVE_DECL_PT_STEP 1
| #define HAVE_DECL_PT_SYSCALL 1
| #define HAVE_DL_ITERATE_PHDR 1
| /* end confdefs.h.  */
| /* Define getunwind to an innocuous variant, in case <limits.h> declares getunwind.
|    For example, HP-UX 11i <limits.h> declares gettimeofday.  */
| #define getunwind innocuous_getunwind
| 
| /* System header to define __stub macros and hopefully few prototypes,
|     which can conflict with char getunwind (); below.
|     Prefer <limits.h> to <assert.h> if __STDC__ is defined, since
|     <limits.h> exists even on freestanding compilers.  */
| 
| #ifdef __STDC__
| # include <limits.h>
| #else
| # include <assert.h>
| #endif
| 
| #undef getunwind
| 
| /* Override any GCC internal prototype to avoid an error.
|    Use char because int might match the return type of a GCC
|    builtin and then its argument prototype would still apply.  */
| #ifdef __cplusplus
| extern "C"
| #endif
| char getunwind ();
| /* The GNU C library defines this for functions which it implements
|     to always fail with ENOSYS.  Some functions are actually named
|     something starting with __ and the normal name is an alias.  */
| #if defined __stub_getunwind || defined __stub___getunwind
| choke me
| #endif
| 
| int
| main ()
| {
| return getunwind ();
|   ;
|   return 0;
| }
configure:17385: result: no
configure:17385: checking for ttrace
configure:17385: gcc -o conftest -g -O2  -D_GNU_SOURCE  conftest.c  >&5
/usr/bin/ld: /tmp/ccOTNvna.o: in function `main':
/root/Letnet5-Optimization/cpu_v1/libunwind-1.6.2/conftest.c:89: undefined reference to `ttrace'
collect2: error: ld returned 1 exit status
configure:17385: $? = 1
configure: failed program was:
| /* confdefs.h */
| #define PACKAGE_NAME "libunwind"
| #define PACKAGE_TARNAME "libunwind"
| #define PACKAGE_VERSION "1.6.2"
| #define PACKAGE_STRING "libunwind 1.6.2"
| #define PACKAGE_BUGREPORT "libunwind-devel@nongnu.org"
| #define PACKAGE_URL ""
| #define PACKAGE "libunwind"
| #define VERSION "1.6.2"
| #define STDC_HEADERS 1
| #define HAVE_SYS_TYPES_H 1
| #define HAVE_SYS_STAT_H 1
| #define HAVE_STDLIB_H 1
| #define HAVE_STRING_H 1
| #define HAVE_MEMORY_H 1
| #define HAVE_STRINGS_H 1
| #define HAVE_INTTYPES_H 1
| #define HAVE_STDINT_H 1
| #define HAVE_UNISTD_H 1
| #define HAVE_DLFCN_H 1
| #define LT_OBJDIR ".libs/"
| #define STDC_HEADERS 1
| #define HAVE_ASM_PTRACE_H 1
| #define HAVE_ENDIAN_H 1
| #define HAVE_SYS_PARAM_H 1
| #define HAVE_EXECINFO_H 1
| #define HAVE_UNISTD_H 1
| #define HAVE_SIGNAL_H 1
| #define HAVE_SYS_TYPES_H 1
| #define HAVE_SYS_PROCFS_H 1
| #define HAVE_SYS_PTRACE_H 1
| #define HAVE_SYS_SYSCALL_H 1
| #define HAVE_BYTESWAP_H 1
| #define HAVE_ELF_H 1
| #define HAVE_LINK_H 1
| #define SIZEOF_OFF_T 8
| #define HAVE_STRUCT_DL_PHDR_INFO_DLPI_SUBS 1
| #define HAVE_STRUCT_ELF_PRSTATUS 1
| #define HAVE_DECL_PTRACE_POKEUSER 1
| #define HAVE_DECL_PTRACE_POKEDATA 1
| #define HAVE_DECL_PTRACE_SETREGSET 1
| #define HAVE_DECL_PTRACE_TRACEME 1
| #define HAVE_DECL_PTRACE_CONT 1
| #define HAVE_DECL_PTRACE_SINGLESTEP 1
| #define HAVE_DECL_PTRACE_SYSCALL 1
| #define HAVE_DECL_PT_IO 0
| #define HAVE_DECL_PT_GETREGS 1
| #define HAVE_DECL_PT_GETFPREGS 1
| #define HAVE_DECL_PT_CONTINUE 1
| #define HAVE_DECL_PT_TRACE_ME 1
| #define HAVE_DECL_PT_STEP 1
| #define HAVE_DECL_PT_SYSCALL 1
| #define HAVE_DL_ITERATE_PHDR 1
| /* end confdefs.h.  */
| /* Define ttrace to an innocuous variant, in case <limits.h> declares ttrace.
|    For example, HP-UX 11i <limits.h> declares gettimeofday.  */
| #define ttrace innocuous_ttrace
| 
| /* System header to define __stub macros and hopefully few prototypes,
|     which can conflict with char ttrace (); below.
|     Prefer <limits.h> to <assert.h> if __STDC__ is defined, since
|     <limits.h> exists even on freestanding compilers.  */
| 
| #ifdef __STDC__
| # include <limits.h>
| #else
| # include <assert.h>
| #endif
| 
| #undef ttrace
| 
| /* Override any GCC internal prototype to avoid an error.
|    Use char because int might match the return type of a GCC
|    builtin and then its argument prototype would still apply.  */
| #ifdef __cplusplus
| extern "C"
| #endif
| char ttrace ();
| /* The GNU C library defines this for functions which it implements
|     to always fail with ENOSYS.  Some functions are actually named
|     something starting with __ and the normal name is an alias.  */
| #if defined __stub_ttrace || defined __stub___ttrace
| choke me
| #endif
| 
| int
| main ()
| {
| return ttrace ();
|   ;
|   return 0;
| }
configure:17385: result: no
configure:17385: checking for mincore
configure:17385: gcc -o conftest -g -O2  -D_GNU_SOURCE  conftest.c  >&5
configure:17385: $? = 0
configure:17385: result: yes
configure:17385: checking for pipe2
configure:17385: gcc -o conftest -g -O2  -D_GNU_SOURCE  conftest.c  >&5
configure:17385: $? = 0
configure:17385: result: yes
configure:17395: checking if building with AltiVec
configure:17405: gcc -c -g -O2  -D_GNU_SOURCE conftest.c >&5
conftest.c:59:3: error: #error choke
   59 | # error choke
      |   ^~~~~
configure:17405: $? = 1
configure: failed program was:
| /* confdefs.h */
| #define PACKAGE_NAME "libunwind"
| #define PACKAGE_TARNAME "libunwind"
| #define PACKAGE_VERSION "1.6.2"
| #define PACKAGE_STRING "libunwind 1.6.2"
| #define PACKAGE_BUGREPORT "libunwind-devel@nongnu.org"
| #define PACKAGE_URL ""
| #define PACKAGE "libunwind"
| #define VERSION "1.6.2"
| #define STDC_HEADERS 1
| #define HAVE_SYS_TYPES_H 1
| #define HAVE_SYS_STAT_H 1
| #define HAVE_STDLIB_H 1
| #define HAVE_STRING_H 1
| #define HAVE_MEMORY_H 1
| #define HAVE_STRINGS_H 1
| #define HAVE_INTTYPES_H 1
| #define HAVE_STDINT_H 1
| #define HAVE_UNISTD_H 1
| #define HAVE_DLFCN_H 1
| #define LT_OBJDIR ".libs/"
| #define STDC_HEADERS 1
| #define HAVE_ASM_PTRACE_H 1
| #define HAVE_ENDIAN_H 1
| #define HAVE_SYS_PARAM_H 1
| #define HAVE_EXECINFO_H 1
| #define HAVE_UNISTD_H 1
| #define HAVE_SIGNAL_H 1
| #define HAVE_SYS_TYPES_H 1
| #define HAVE_SYS_PROCFS_H 1
| #define HAVE_SYS_PTRACE_H 1
| #define HAVE_SYS_SYSCALL_H 1
| #define HAVE_BYTESWAP_H 1
| #define HAVE_ELF_H 1
| #define HAVE_LINK_H 1
| #define SIZEOF_OFF_T 8
| #define HAVE_STRUCT_DL_PHDR_INFO_DLPI_SUBS 1
| #define HAVE_STRUCT_ELF_PRSTATUS 1
| #define HAVE_DECL_PTRACE_POKEUSER 1
| #define HAVE_DECL_PTRACE_POKEDATA 1
| #define HAVE_DECL_PTRACE_SETREGSET 1
| #define HAVE_DECL_PTRACE_TRACEME 1
| #define HAVE_DECL_PTRACE_CONT 1
| #define HAVE_DECL_PTRACE_SINGLESTEP 1
| #define HAVE_DECL_PTRACE_SYSCALL 1
| #define HAVE_DECL_PT_IO 0
| #define HAVE_DECL_PT_GETREGS 1
| #define HAVE_DECL_PT_GETFPREGS 1
| #define HAVE_DECL_PT_CONTINUE 1
| #define HAVE_DECL_PT_TRACE_ME 1
| #define HAVE_DECL_PT_STEP 1
| #define HAVE_DECL_PT_SYSCALL 1
| #define HAVE_DL_ITERATE_PHDR 1
| #define HAVE_MINCORE 1
| #define HAVE_PIPE2 1
| /* end confdefs.h.  */
| 
| #ifndef __ALTIVEC__
| # error choke
| #endif
| 
configure:17419: result: no
configure:17430: gcc -c -g -O2  -D_GNU_SOURCE conftest.c >&5
conftest.c:59:3: error: #error choke
   59 | # error choke
      |   ^~~~~
configure:17430: $? = 1
configure: failed program was:
| /* confdefs.h */
| #define PACKAGE_NAME "libunwind"
| #define PACKAGE_TARNAME "libunwind"
| #define PACKAGE_VERSION "1.6.2"
| #define PACKAGE_STRING "libunwind 1.6.2"
| #define PACKAGE_BUGREPORT "libunwind-devel@nongnu.org"
| #define PACKAGE_URL ""
| #define PACKAGE "libunwind"
| #define VERSION "1.6.2"
| #define STDC_HEADERS 1
| #define HAVE_SYS_TYPES_H 1
| #define HAVE_SYS_STAT_H 1
| #define HAVE_STDLIB_H 1
| #define HAVE_STRING_H 1
| #define HAVE_MEMORY_H 1
| #define HAVE_STRINGS_H 1
| #define HAVE_INTTYPES_H 1
| #define HAVE_STDINT_H 1
| #define HAVE_UNISTD_H 1
| #define HAVE_DLFCN_H 1
| #define LT_OBJDIR ".libs/"
| #define STDC_HEADERS 1
| #define HAVE_ASM_PTRACE_H 1
| #define HAVE_ENDIAN_H 1
| #define HAVE_SYS_PARAM_H 1
| #define HAVE_EXECINFO_H 1
| #define HAVE_UNISTD_H 1
| #define HAVE_SIGNAL_H 1
| #define HAVE_SYS_TYPES_H 1
| #define HAVE_SYS_PROCFS_H 1
| #define HAVE_SYS_PTRACE_H 1
| #define HAVE_SYS_SYSCALL_H 1
| #define HAVE_BYTESWAP_H 1
| #define HAVE_ELF_H 1
| #define HAVE_LINK_H 1
| #define SIZEOF_OFF_T 8
| #define HAVE_STRUCT_DL_PHDR_INFO_DLPI_SUBS 1
| #define HAVE_STRUCT_ELF_PRSTATUS 1
| #define HAVE_DECL_PTRACE_POKEUSER 1
| #define HAVE_DECL_PTRACE_POKEDATA 1
| #define HAVE_DECL_PTRACE_SETREGSET 1
| #define HAVE_DECL_PTRACE_TRACEME 1
| #define HAVE_DECL_PTRACE_CONT 1
| #define HAVE_DECL_PTRACE_SINGLESTEP 1
| #define HAVE_DECL_PTRACE_SYSCALL 1
| #define HAVE_DECL_PT_IO 0
| #define HAVE_DECL_PT_GETREGS 1
| #define HAVE_DECL_PT_GETFPREGS 1
| #define HAVE_DECL_PT_CONTINUE 1
| #define HAVE_DECL_PT_TRACE_ME 1
| #define HAVE_DECL_PT_STEP 1
| #define HAVE_DECL_PT_SYSCALL 1
| #define HAVE_DL_ITERATE_PHDR 1
| #define HAVE_MINCORE 1
| #define HAVE_PIPE2 1
| /* end confdefs.h.  */
| 
| #ifndef __powerpc64__
| # error choke
| #endif
| 
configure:17518: checking for Android
configure:17528: result: no
configure:17547: checking if we should build libunwind-coredump
configure:17549: result: yes
configure:17556: checking for sys/ptrace.h
configure:17556: result: yes
configure:17568: checking if we should build libunwind-ptrace
configure:17570: result: yes
configure:17618: checking if we should export unwind.h
configure:17620: result: yes
configure:17623: checking if we should build libunwind-setjmp
configure:17625: result: yes
configure:17628: checking for build architecture
configure:17630: result: x86_64
configure:17632: checking for host architecture
configure:17634: result: x86_64
configure:17636: checking for target architecture
configure:17638: result: x86_64
configure:17640: checking for target operating system
configure:17642: result: linux-gnu
configure:17838: checking for ELF helper width
configure:17843: result: 64
configure:17874: checking whether to include DWARF support
configure:17889: result: yes
configure:17892: checking whether to restrict build to remote support
configure:17900: result: no
configure:17903: checking whether to enable debug support
configure:17915: result: 
configure:17918: checking whether to enable C++ exception support
configure:17947: result: no
configure:17950: checking whether to load .debug_frame sections
configure:17972: result: no
configure:17975: checking whether to block signals during mutex ops
configure:17989: result: yes
configure:17992: checking whether to validate memory addresses before use
configure:18006: result: yes
configure:18009: checking whether to enable msabi support
configure:18021: result: 
configure:18025: checking whether to support LZMA-compressed symbol tables
configure:18034: result: auto
configure:18037: checking for lzma_mf_is_supported in -llzma
configure:18062: gcc -o conftest -g -O2  -D_GNU_SOURCE -DNDEBUG  conftest.c -llzma   >&5
configure:18062: $? = 0
configure:18071: result: yes
configure:18100: checking whether to support ZLIB-compressed symbol tables
configure:18109: result: auto
configure:18112: checking for uncompress in -lz
configure:18137: gcc -o conftest -g -O2  -D_GNU_SOURCE -DNDEBUG  conftest.c -lz   >&5
configure:18137: $? = 0
configure:18146: result: yes
configure:18174: checking whether to support UNW_CACHE_PER_THREAD
configure:18181: result: 
configure:18191: checking for Intel compiler
configure:18206: gcc -c -g -O2  -D_GNU_SOURCE -DNDEBUG conftest.c >&5
conftest.c: In function 'main':
conftest.c:66:2: error: #error choke me
   66 | #error choke me
      |  ^~~~~
configure:18206: $? = 1
configure: failed program was:
| /* confdefs.h */
| #define PACKAGE_NAME "libunwind"
| #define PACKAGE_TARNAME "libunwind"
| #define PACKAGE_VERSION "1.6.2"
| #define PACKAGE_STRING "libunwind 1.6.2"
| #define PACKAGE_BUGREPORT "libunwind-devel@nongnu.org"
| #define PACKAGE_URL ""
| #define PACKAGE "libunwind"
| #define VERSION "1.6.2"
| #define STDC_HEADERS 1
| #define HAVE_SYS_TYPES_H 1
| #define HAVE_SYS_STAT_H 1
| #define HAVE_STDLIB_H 1
| #define HAVE_STRING_H 1
| #define HAVE_MEMORY_H 1
| #define HAVE_STRINGS_H 1
| #define HAVE_INTTYPES_H 1
| #define HAVE_STDINT_H 1
| #define HAVE_UNISTD_H 1
| #define HAVE_DLFCN_H 1
| #define LT_OBJDIR ".libs/"
| #define STDC_HEADERS 1
| #define HAVE_ASM_PTRACE_H 1
| #define HAVE_ENDIAN_H 1
| #define HAVE_SYS_PARAM_H 1
| #define HAVE_EXECINFO_H 1
| #define HAVE_UNISTD_H 1
| #define HAVE_SIGNAL_H 1
| #define HAVE_SYS_TYPES_H 1
| #define HAVE_SYS_PROCFS_H 1
| #define HAVE_SYS_PTRACE_H 1
| #define HAVE_SYS_SYSCALL_H 1
| #define HAVE_BYTESWAP_H 1
| #define HAVE_ELF_H 1
| #define HAVE_LINK_H 1
| #define SIZEOF_OFF_T 8
| #define HAVE_STRUCT_DL_PHDR_INFO_DLPI_SUBS 1
| #define HAVE_STRUCT_ELF_PRSTATUS 1
| #define HAVE_DECL_PTRACE_POKEUSER 1
| #define HAVE_DECL_PTRACE_POKEDATA 1
| #define HAVE_DECL_PTRACE_SETREGSET 1
| #define HAVE_DECL_PTRACE_TRACEME 1
| #define HAVE_DECL_PTRACE_CONT 1
| #define HAVE_DECL_PTRACE_SINGLESTEP 1
| #define HAVE_DECL_PTRACE_SYSCALL 1
| #define HAVE_DECL_PT_IO 0
| #define HAVE_DECL_PT_GETREGS 1
| #define HAVE_DECL_PT_GETFPREGS 1
| #define HAVE_DECL_PT_CONTINUE 1
| #define HAVE_DECL_PT_TRACE_ME 1
| #define HAVE_DECL_PT_STEP 1
| #define HAVE_DECL_PT_SYSCALL 1
| #define HAVE_DL_ITERATE_PHDR 1
| #define HAVE_MINCORE 1
| #define HAVE_PIPE2 1
| #define CONFIG_BLOCK_SIGNALS /**/
| #define CONSERVATIVE_CHECKS 1
| #define HAVE_LZMA 1
| #define HAVE_ZLIB 1
| /* end confdefs.h.  */
| 
| int
| main ()
| {
| #ifndef __INTEL_COMPILER
| #error choke me
| #endif
|   ;
|   return 0;
| }
configure:18216: result: no
configure:18219: checking if building on Solaris then define __EXTENSIONS__ macro
configure:18223: result: yes
configure:18230: checking for QCC compiler
configure:18238: result: no
configure:18282: checking for __builtin___clear_cache
configure:18295: gcc -o conftest -g -O2 -fexceptions -Wall -Wsign-compare -D__EXTENSIONS__  -D_GNU_SOURCE -DNDEBUG  conftest.c  >&5
configure:18295: $? = 0
configure:18307: result: yes
configure:18310: checking for __builtin_unreachable
configure:18323: gcc -o conftest -g -O2 -fexceptions -Wall -Wsign-compare -D__EXTENSIONS__  -D_GNU_SOURCE -DNDEBUG  conftest.c  >&5
configure:18323: $? = 0
configure:18335: result: yes
configure:18350: checking for library containing backtrace
configure:18381: gcc -o conftest -g -O2 -fexceptions -Wall -Wsign-compare -D__EXTENSIONS__  -D_GNU_SOURCE -DNDEBUG  conftest.c  >&5
configure:18381: $? = 0
configure:18398: result: none required
configure:18431: checking for latex2man
configure:18464: result: no
configure:18470: WARNING: latex2man not found. Install latex2man. Disabling docs.
configure:18622: checking that generated files are newer than configure
configure:18628: result: done
configure:18803: creating ./config.status

## ---------------------- ##
## Running config.status. ##
## ---------------------- ##

This file was extended by libunwind config.status 1.6.2, which was
generated by GNU Autoconf 2.69.  Invocation command line was

  CONFIG_FILES    = 
  CONFIG_HEADERS  = 
  CONFIG_LINKS    = 
  CONFIG_COMMANDS = 
  $ ./config.status 

on 699f290bff0e

config.status:1303: creating tests/Makefile
config.status:1303: creating tests/check-namespace.sh
config.status:1303: creating Makefile
config.status:1303: creating src/Makefile
config.status:1303: creating include/libunwind-common.h
config.status:1303: creating include/libunwind.h
config.status:1303: creating include/tdep/libunwind_i.h
config.status:1303: creating src/unwind/libunwind.pc
config.status:1303: creating src/coredump/libunwind-coredump.pc
config.status:1303: creating src/ptrace/libunwind-ptrace.pc
config.status:1303: creating src/setjmp/libunwind-setjmp.pc
config.status:1303: creating src/libunwind-generic.pc
config.status:1303: creating include/config.h
config.status:1532: executing depfiles commands
config.status:1609: cd tests       && sed -e '/# am--include-marker/d' Makefile         | make -f - am--depfiles
config.status:1614: $? = 0
config.status:1609: cd src       && sed -e '/# am--include-marker/d' Makefile         | make -f - am--depfiles
config.status:1614: $? = 0
config.status:1532: executing libtool commands

## ---------------- ##
## Cache variables. ##
## ---------------- ##

ac_cv_build=x86_64-pc-linux-gnu
ac_cv_c_compiler_gnu=yes
ac_cv_c_const=yes
ac_cv_c_inline=inline
ac_cv_cxx_compiler_gnu=yes
ac_cv_env_CCASFLAGS_set=
ac_cv_env_CCASFLAGS_value=
ac_cv_env_CCAS_set=
ac_cv_env_CCAS_value=
ac_cv_env_CCC_set=
ac_cv_env_CCC_value=
ac_cv_env_CC_set=
ac_cv_env_CC_value=
ac_cv_env_CFLAGS_set=
ac_cv_env_CFLAGS_value=
ac_cv_env_CPPFLAGS_set=
ac_cv_env_CPPFLAGS_value=
ac_cv_env_CPP_set=
ac_cv_env_CPP_value=
ac_cv_env_CXXCPP_set=
ac_cv_env_CXXCPP_value=
ac_cv_env_CXXFLAGS_set=
ac_cv_env_CXXFLAGS_value=
ac_cv_env_CXX_set=
ac_cv_env_CXX_value=
ac_cv_env_LDFLAGS_set=
ac_cv_env_LDFLAGS_value=
ac_cv_env_LIBS_set=
ac_cv_env_LIBS_value=
ac_cv_env_LT_SYS_LIBRARY_PATH_set=
ac_cv_env_LT_SYS_LIBRARY_PATH_value=
ac_cv_env_build_alias_set=
ac_cv_env_build_alias_value=
ac_cv_env_host_alias_set=
ac_cv_env_host_alias_value=
ac_cv_env_target_alias_set=
ac_cv_env_target_alias_value=
ac_cv_func_dl_iterate_phdr=yes
ac_cv_func_dl_phdr_removals_counter=no
ac_cv_func_dlmodinfo=no
ac_cv_func_getunwind=no
ac_cv_func_mincore=yes
ac_cv_func_pipe2=yes
ac_cv_func_ttrace=no
ac_cv_have_decl_PTRACE_CONT=yes
ac_cv_have_decl_PTRACE_POKEDATA=yes
ac_cv_have_decl_PTRACE_POKEUSER=yes
ac_cv_have_decl_PTRACE_SETREGSET=yes
ac_cv_have_decl_PTRACE_SINGLESTEP=yes
ac_cv_have_decl_PTRACE_SYSCALL=yes
ac_cv_have_decl_PTRACE_TRACEME=yes
ac_cv_have_decl_PT_CONTINUE=yes
ac_cv_have_decl_PT_GETFPREGS=yes
ac_cv_have_decl_PT_GETREGS=yes
ac_cv_have_decl_PT_IO=no
ac_cv_have_decl_PT_STEP=yes
ac_cv_have_decl_PT_SYSCALL=yes
ac_cv_have_decl_PT_TRACE_ME=yes
ac_cv_header_asm_ptrace_h=yes
ac_cv_header_asm_ptrace_offsets_h=no
ac_cv_header_byteswap_h=yes
ac_cv_header_dlfcn_h=yes
ac_cv_header_elf_h=yes
ac_cv_header_endian_h=yes
ac_cv_header_execinfo_h=yes
ac_cv_header_ia64intrin_h=no
ac_cv_header_inttypes_h=yes
ac_cv_header_link_h=yes
ac_cv_header_memory_h=yes
ac_cv_header_signal_h=yes
ac_cv_header_stdc=yes
ac_cv_header_stdint_h=yes
ac_cv_header_stdlib_h=yes
ac_cv_header_string_h=yes
ac_cv_header_strings_h=yes
ac_cv_header_sys_elf_h=no
ac_cv_header_sys_endian_h=no
ac_cv_header_sys_link_h=no
ac_cv_header_sys_param_h=yes
ac_cv_header_sys_procfs_h=yes
ac_cv_header_sys_ptrace_h=yes
ac_cv_header_sys_stat_h=yes
ac_cv_header_sys_syscall_h=yes
ac_cv_header_sys_types_h=yes
ac_cv_header_sys_uc_access_h=no
ac_cv_header_unistd_h=yes
ac_cv_host=x86_64-pc-linux-gnu
ac_cv_lib_lzma_lzma_mf_is_supported=yes
ac_cv_lib_uca___uc_get_grs=no
ac_cv_lib_z_uncompress=yes
ac_cv_member_struct_dl_phdr_info_dlpi_subs=yes
ac_cv_objext=o
ac_cv_path_EGREP='/usr/bin/grep -E'
ac_cv_path_FGREP='/usr/bin/grep -F'
ac_cv_path_GREP=/usr/bin/grep
ac_cv_path_SED=/usr/bin/sed
ac_cv_path_install='/usr/bin/install -c'
ac_cv_path_lt_DD=/usr/bin/dd
ac_cv_path_mkdir=/usr/bin/mkdir
ac_cv_prog_AWK=mawk
ac_cv_prog_CPP='gcc -E'
ac_cv_prog_CXXCPP='g++ -E'
ac_cv_prog_ac_ct_AR=ar
ac_cv_prog_ac_ct_CC=gcc
ac_cv_prog_ac_ct_CXX=g++
ac_cv_prog_ac_ct_OBJDUMP=objdump
ac_cv_prog_ac_ct_RANLIB=ranlib
ac_cv_prog_ac_ct_STRIP=strip
ac_cv_prog_cc_c89=
ac_cv_prog_cc_g=yes
ac_cv_prog_cxx_g=yes
ac_cv_prog_make_make_set=yes
ac_cv_search_backtrace='none required'
ac_cv_search_dlopen='none required'
ac_cv_sizeof_off_t=8
ac_cv_target=x86_64-pc-linux-gnu
ac_cv_type_size_t=yes
ac_cv_type_struct_elf_prstatus=yes
ac_cv_type_struct_prstatus=no
am_cv_CCAS_dependencies_compiler_type=gcc3
am_cv_CC_dependencies_compiler_type=gcc3
am_cv_CXX_dependencies_compiler_type=gcc3
am_cv_ar_interface=ar
am_cv_make_support_nested_variables=yes
am_cv_prog_cc_c_o=yes
lt_cv_ar_at_file=@
lt_cv_archive_cmds_need_lc=no
lt_cv_deplibs_check_method=pass_all
lt_cv_file_magic_cmd='$MAGIC_CMD'
lt_cv_file_magic_test_file=
lt_cv_ld_reload_flag=-r
lt_cv_nm_interface='BSD nm'
lt_cv_objdir=.libs
lt_cv_path_LD=/usr/bin/ld
lt_cv_path_LDCXX='/usr/bin/ld -m elf_x86_64'
lt_cv_path_NM='/usr/bin/nm -B'
lt_cv_path_mainfest_tool=no
lt_cv_prog_compiler_c_o=yes
lt_cv_prog_compiler_c_o_CXX=yes
lt_cv_prog_compiler_pic='-fPIC -DPIC'
lt_cv_prog_compiler_pic_CXX='-fPIC -DPIC'
lt_cv_prog_compiler_pic_works=yes
lt_cv_prog_compiler_pic_works_CXX=yes
lt_cv_prog_compiler_rtti_exceptions=no
lt_cv_prog_compiler_static_works=yes
lt_cv_prog_compiler_static_works_CXX=yes
lt_cv_prog_gnu_ld=yes
lt_cv_prog_gnu_ldcxx=yes
lt_cv_sharedlib_from_linklib_cmd='printf %s\n'
lt_cv_shlibpath_overrides_runpath=yes
lt_cv_sys_global_symbol_pipe='sed -n -e '\''s/^.*[	 ]\([ABCDGIRSTW][ABCDGIRSTW]*\)[	 ][	 ]*\([_A-Za-z][_A-Za-z0-9]*\)$/\1 \2 \2/p'\'' | sed '\''/ __gnu_lto/d'\'''
lt_cv_sys_global_symbol_to_c_name_address='sed -n -e '\''s/^: \(.*\) .*$/  {"\1", (void *) 0},/p'\'' -e '\''s/^[ABCDGIRSTW][ABCDGIRSTW]* .* \(.*\)$/  {"\1", (void *) \&\1},/p'\'''
lt_cv_sys_global_symbol_to_c_name_address_lib_prefix='sed -n -e '\''s/^: \(.*\) .*$/  {"\1", (void *) 0},/p'\'' -e '\''s/^[ABCDGIRSTW][ABCDGIRSTW]* .* \(lib.*\)$/  {"\1", (void *) \&\1},/p'\'' -e '\''s/^[ABCDGIRSTW][ABCDGIRSTW]* .* \(.*\)$/  {"lib\1", (void *) \&\1},/p'\'''
lt_cv_sys_global_symbol_to_cdecl='sed -n -e '\''s/^T .* \(.*\)$/extern int \1();/p'\'' -e '\''s/^[ABCDGIRSTW][ABCDGIRSTW]* .* \(.*\)$/extern char \1;/p'\'''
lt_cv_sys_global_symbol_to_import=
lt_cv_sys_max_cmd_len=1572864
lt_cv_to_host_file_cmd=func_convert_file_noop
lt_cv_to_tool_file_cmd=func_convert_file_noop
lt_cv_truncate_bin='/usr/bin/dd bs=4096 count=1'

## ----------------- ##
## Output variables. ##
## ----------------- ##

ACLOCAL='${SHELL} '\''/root/Letnet5-Optimization/cpu_v1/libunwind-1.6.2/config/missing'\'' aclocal-1.16'
AMDEPBACKSLASH='\'
AMDEP_FALSE='#'
AMDEP_TRUE=''
AMTAR='$${TAR-tar}'
AM_BACKSLASH='\'
AM_DEFAULT_V='$(AM_DEFAULT_VERBOSITY)'
AM_DEFAULT_VERBOSITY='1'
AM_V='$(V)'
AR='ar'
ARCH='X86_64'
ARCH_AARCH64_FALSE=''
ARCH_AARCH64_TRUE='#'
ARCH_ARM_FALSE=''
ARCH_ARM_TRUE='#'
ARCH_HPPA_FALSE=''
ARCH_HPPA_TRUE='#'
ARCH_IA64_FALSE=''
ARCH_IA64_TRUE='#'
ARCH_MIPS_FALSE=''
ARCH_MIPS_TRUE='#'
ARCH_PPC32_FALSE=''
ARCH_PPC32_TRUE='#'
ARCH_PPC64_FALSE=''
ARCH_PPC64_TRUE='#'
ARCH_RISCV_FALSE=''
ARCH_RISCV_TRUE='#'
ARCH_S390X_FALSE=''
ARCH_S390X_TRUE='#'
ARCH_SH_FALSE=''
ARCH_SH_TRUE='#'
ARCH_TILEGX_FALSE=''
ARCH_TILEGX_TRUE='#'
ARCH_X86_64_FALSE='#'
ARCH_X86_64_TRUE=''
ARCH_X86_FALSE=''
ARCH_X86_TRUE='#'
AUTOCONF='${SHELL} '\''/root/Letnet5-Optimization/cpu_v1/libunwind-1.6.2/config/missing'\'' autoconf'
AUTOHEADER='${SHELL} '\''/root/Letnet5-Optimization/cpu_v1/libunwind-1.6.2/config/missing'\'' autoheader'
AUTOMAKE='${SHELL} '\''/root/Letnet5-Optimization/cpu_v1/libunwind-1.6.2/config/missing'\'' automake-1.16'
AWK='mawk'
BACKTRACELIB=''
BUILD_COREDUMP_FALSE='#'
BUILD_COREDUMP_TRUE=''
BUILD_PTRACE_FALSE='#'
BUILD_PTRACE_TRUE=''
BUILD_SETJMP_FALSE='#'
BUILD_SETJMP_TRUE=''
BUILD_UNWIND_HEADER_FALSE='#'
BUILD_UNWIND_HEADER_TRUE=''
CC='gcc'
CCAS='gcc'
CCASDEPMODE='depmode=gcc3'
CCASFLAGS='-g -O2  -D_GNU_SOURCE -DNDEBUG'
CCDEPMODE='depmode=gcc3'
CFLAGS='-g -O2 -fexceptions -Wall -Wsign-compare -D__EXTENSIONS__'
CONFIG_DOCS_FALSE=''
CONFIG_DOCS_TRUE='#'
CONFIG_TESTS_FALSE='#'
CONFIG_TESTS_TRUE=''
CONFIG_WEAK_BACKTRACE_FALSE='#'
CONFIG_WEAK_BACKTRACE_TRUE=''
CPP='gcc -E'
CPPFLAGS=' -D_GNU_SOURCE -DNDEBUG'
CSCOPE='cscope'
CTAGS='ctags'
CXX='g++'
CXXCPP='g++ -E'
CXXDEPMODE='depmode=gcc3'
CXXFLAGS='-g -O2'
CYGPATH_W='echo'
DEFS='-DHAVE_CONFIG_H'
DEPDIR='.deps'
DLLIB=''
DLLTOOL='false'
DSYMUTIL=''
DUMPBIN=''
ECHO_C=''
ECHO_N='-n'
ECHO_T=''
EGREP='/usr/bin/grep -E'
ETAGS='etags'
EXEEXT=''
FGREP='/usr/bin/grep -F'
GREP='/usr/bin/grep'
HAVE_LZMA_FALSE='#'
HAVE_LZMA_TRUE=''
HAVE_ZLIB_FALSE='#'
HAVE_ZLIB_TRUE=''
INSTALL_DATA='${INSTALL} -m 644'
INSTALL_PROGRAM='${INSTALL}'
INSTALL_SCRIPT='${INSTALL}'
INSTALL_STRIP_PROGRAM='$(install_sh) -c -s'
LATEX2MAN=''
LD='/usr/bin/ld -m elf_x86_64'
LDFLAGS=''
LDFLAGS_NOSTARTFILES='-XCClinker -nostartfiles'
LDFLAGS_STATIC_LIBCXA=''
LIBCRTS='-lgcc_s'
LIBLZMA='-llzma'
LIBOBJS=''
LIBS=''
LIBTOOL='$(SHELL) $(top_builddir)/libtool'
LIBZ='-lz'
LIPO=''
LN_S='ln -s'
LTLIBOBJS=''
LT_SYS_LIBRARY_PATH=''
MAINT='#'
MAINTAINER_MODE_FALSE=''
MAINTAINER_MODE_TRUE='#'
MAKEINFO='${SHELL} '\''/root/Letnet5-Optimization/cpu_v1/libunwind-1.6.2/config/missing'\'' makeinfo'
MANIFEST_TOOL=':'
MKDIR_P='/usr/bin/mkdir -p'
NM='/usr/bin/nm -B'
NMEDIT=''
NO_PTRACE_TEST_FALSE=''
NO_PTRACE_TEST_TRUE='#'
OBJDUMP='objdump'
OBJEXT='o'
OS_FREEBSD_FALSE=''
OS_FREEBSD_TRUE='#'
OS_HPUX_FALSE=''
OS_HPUX_TRUE='#'
OS_LINUX_FALSE='#'
OS_LINUX_TRUE=''
OS_QNX_FALSE=''
OS_QNX_TRUE='#'
OS_SOLARIS_FALSE=''
OS_SOLARIS_TRUE='#'
OTOOL64=''
OTOOL=''
PACKAGE='libunwind'
PACKAGE_BUGREPORT='libunwind-devel@nongnu.org'
PACKAGE_NAME='libunwind'
PACKAGE_STRING='libunwind 1.6.2'
PACKAGE_TARNAME='libunwind'
PACKAGE_URL=''
PACKAGE_VERSION='1.6.2'
PATH_SEPARATOR=':'
PKG_EXTRA='2'
PKG_MAINTAINER='libunwind-devel@nongnu.org'
PKG_MAJOR='1'
PKG_MINOR='6'
RANLIB='ranlib'
REMOTE_ONLY_FALSE=''
REMOTE_ONLY_TRUE='#'
SED='/usr/bin/sed'
SET_MAKE=''
SHELL='/bin/sh'
STRIP='strip'
SUPPORT_CXX_EXCEPTIONS_FALSE=''
SUPPORT_CXX_EXCEPTIONS_TRUE='#'
USE_ALTIVEC_FALSE=''
USE_ALTIVEC_TRUE='#'
USE_DWARF_FALSE='#'
USE_DWARF_TRUE=''
USE_ELF32_FALSE=''
USE_ELF32_TRUE='#'
USE_ELF64_FALSE='#'
USE_ELF64_TRUE=''
USE_ELFXX_FALSE=''
USE_ELFXX_TRUE='#'
VERSION='1.6.2'
ac_ct_AR='ar'
ac_ct_CC='gcc'
ac_ct_CXX='g++'
ac_ct_DUMPBIN=''
am__EXEEXT_FALSE=''
am__EXEEXT_TRUE='#'
am__fastdepCCAS_FALSE='#'
am__fastdepCCAS_TRUE=''
am__fastdepCC_FALSE='#'
am__fastdepCC_TRUE=''
am__fastdepCXX_FALSE='#'
am__fastdepCXX_TRUE=''
am__include='include'
am__isrc=''
am__leading_dot='.'
am__nodep='_no'
am__quote=''
am__tar='$${TAR-tar} chof - "$$tardir"'
am__untar='$${TAR-tar} xf -'
arch='x86_64'
bindir='${exec_prefix}/bin'
build='x86_64-pc-linux-gnu'
build_alias=''
build_arch='x86_64'
build_cpu='x86_64'
build_os='linux-gnu'
build_vendor='pc'
datadir='${datarootdir}'
datarootdir='${prefix}/share'
docdir='${datarootdir}/doc/${PACKAGE_TARNAME}'
dvidir='${docdir}'
enable_cxx_exceptions='no'
enable_debug_frame='no'
exec_prefix='${prefix}'
host='x86_64-pc-linux-gnu'
host_alias=''
host_cpu='x86_64'
host_os='linux-gnu'
host_vendor='pc'
htmldir='${docdir}'
includedir='${prefix}/include'
infodir='${datarootdir}/info'
install_sh='${SHELL} /root/Letnet5-Optimization/cpu_v1/libunwind-1.6.2/config/install-sh'
libdir='${exec_prefix}/lib'
libexecdir='${exec_prefix}/libexec'
localedir='${datarootdir}/locale'
localstatedir='${prefix}/var'
mandir='${datarootdir}/man'
mkdir_p='$(MKDIR_P)'
oldincludedir='/usr/include'
pdfdir='${docdir}'
prefix='/usr/local'
program_transform_name='s,x,x,'
psdir='${docdir}'
runstatedir='${localstatedir}/run'
sbindir='${exec_prefix}/sbin'
sharedstatedir='${prefix}/com'
sysconfdir='${prefix}/etc'
target='x86_64-pc-linux-gnu'
target_alias=''
target_cpu='x86_64'
target_os='linux-gnu'
target_vendor='pc'

## ----------- ##
## confdefs.h. ##
## ----------- ##

/* confdefs.h */
#define PACKAGE_NAME "libunwind"
#define PACKAGE_TARNAME "libunwind"
#define PACKAGE_VERSION "1.6.2"
#define PACKAGE_STRING "libunwind 1.6.2"
#define PACKAGE_BUGREPORT "libunwind-devel@nongnu.org"
#define PACKAGE_URL ""
#define PACKAGE "libunwind"
#define VERSION "1.6.2"
#define STDC_HEADERS 1
#define HAVE_SYS_TYPES_H 1
#define HAVE_SYS_STAT_H 1
#define HAVE_STDLIB_H 1
#define HAVE_STRING_H 1
#define HAVE_MEMORY_H 1
#define HAVE_STRINGS_H 1
#define HAVE_INTTYPES_H 1
#define HAVE_STDINT_H 1
#define HAVE_UNISTD_H 1
#define HAVE_DLFCN_H 1
#define LT_OBJDIR ".libs/"
#define STDC_HEADERS 1
#define HAVE_ASM_PTRACE_H 1
#define HAVE_ENDIAN_H 1
#define HAVE_SYS_PARAM_H 1
#define HAVE_EXECINFO_H 1
#define HAVE_UNISTD_H 1
#define HAVE_SIGNAL_H 1
#define HAVE_SYS_TYPES_H 1
#define HAVE_SYS_PROCFS_H 1
#define HAVE_SYS_PTRACE_H 1
#define HAVE_SYS_SYSCALL_H 1
#define HAVE_BYTESWAP_H 1
#define HAVE_ELF_H 1
#define HAVE_LINK_H 1
#define SIZEOF_OFF_T 8
#define HAVE_STRUCT_DL_PHDR_INFO_DLPI_SUBS 1
#define HAVE_STRUCT_ELF_PRSTATUS 1
#define HAVE_DECL_PTRACE_POKEUSER 1
#define HAVE_DECL_PTRACE_POKEDATA 1
#define HAVE_DECL_PTRACE_SETREGSET 1
#define HAVE_DECL_PTRACE_TRACEME 1
#define HAVE_DECL_PTRACE_CONT 1
#define HAVE_DECL_PTRACE_SINGLESTEP 1
#define HAVE_DECL_PTRACE_SYSCALL 1
#define HAVE_DECL_PT_IO 0
#define HAVE_DECL_PT_GETREGS 1
#define HAVE_DECL_PT_GETFPREGS 1
#define HAVE_DECL_PT_CONTINUE 1
#define HAVE_DECL_PT_TRACE_ME 1
#define HAVE_DECL_PT_STEP 1
#define HAVE_DECL_PT_SYSCALL 1
#define HAVE_DL_ITERATE_PHDR 1
#define HAVE_MINCORE 1
#define HAVE_PIPE2 1
#define CONFIG_BLOCK_SIGNALS /**/
#define CONSERVATIVE_CHECKS 1
#define HAVE_LZMA 1
#define HAVE_ZLIB 1
#define HAVE__BUILTIN___CLEAR_CACHE 1
#define HAVE__BUILTIN_UNREACHABLE 1
#define CONFIG_WEAK_BACKTRACE 1

configure: exit 0
